#
# A fatal error has been detected by the Java Runtime Environment:
#
#  EXCEPTION_ACCESS_VIOLATION (0xc0000005) at pc=0x000000005e352bf8, pid=13012, tid=11792
#
# JRE version: Java(TM) SE Runtime Environment (8.0_60-b27) (build 1.8.0_60-b27)
# Java VM: Java HotSpot(TM) 64-Bit Server VM (25.60-b23 mixed mode windows-amd64 compressed oops)
# Problematic frame:
# V  [jvm.dll+0x42bf8]
#
# Failed to write core dump. Minidumps are not enabled by default on client versions of Windows
#
# If you would like to submit a bug report, please visit:
#   http://bugreport.java.com/bugreport/crash.jsp
#

---------------  T H R E A D  ---------------

Current thread (0x0000000015835000):  JavaThread "C1 CompilerThread2" daemon [_thread_in_vm, id=11792, stack(0x0000000016150000,0x0000000016250000)]

siginfo: ExceptionCode=0xc0000005, reading address 0xffffffffffffffff

Registers:
RAX=0x0000000015835000, RBX=0x0000000002ecebb0, RCX=0x0000000002ecebb0, RDX=0x0000000002ecebb0
RSP=0x000000001624cb60, RBP=0x000000001585f600, RSI=0x0000000002ecebb0, RDI=0x0000000000000000
R8 =0x48f0c0d3ffff0013, R9 =0x0000000000000000, R10=0x000000001585f830, R11=0x0000000019249d90
R12=0x0000000015835000, R13=0x000000001585f600, R14=0x0000000016b360b0, R15=0x0000000000000000
RIP=0x000000005e352bf8, EFLAGS=0x0000000000010202

Top of Stack: (sp=0x000000001624cb60)
0x000000001624cb60:   00000000000000b6 000000001624f110
0x000000001624cb70:   0000000000000000 0000000000000077
0x000000001624cb80:   000000001c71dae0 000000001624f110
0x000000001624cb90:   000000001624cc70 000000005e33f425
0x000000001624cba0:   00000000000000e7 000000005e352f89
0x000000001624cbb0:   0000000000000077 0000000000000077
0x000000001624cbc0:   0000000000000000 0000000000000000
0x000000001624cbd0:   00000000000000b6 0000000017f12f30
0x000000001624cbe0:   0000000015822490 000000005e35124b
0x000000001624cbf0:   0000000000000000 0000000015835000
0x000000001624cc00:   0000000016b37870 000000005e33c4af
0x000000001624cc10:   0000000015835000 000000005e356570
0x000000001624cc20:   0000000015835000 0000000015835000
0x000000001624cc30:   0000000017f12f30 000000005e72b21b
0x000000001624cc40:   0000000000000000 0000000000000000
0x000000001624cc50:   0000000016b37870 0000000000000000 

Instructions: (pc=0x000000005e352bf8)
0x000000005e352bd8:   00 48 8b da ff 15 0e 08 59 00 44 0f b6 05 9a 4c
0x000000005e352be8:   7a 00 4c 8b e0 45 84 c0 74 39 4c 8b 03 48 8b cb
0x000000005e352bf8:   41 ff 50 08 84 c0 74 2b 83 7b 08 00 7e 25 0f b6
0x000000005e352c08:   83 0e 01 00 00 c0 e8 03 a8 01 74 17 48 8b 03 48 


Register to memory mapping:

RAX=0x0000000015835000 is a thread
RBX=0x0000000002ecebb0 is an unknown value
RCX=0x0000000002ecebb0 is an unknown value
RDX=0x0000000002ecebb0 is an unknown value
RSP=0x000000001624cb60 is pointing into the stack for thread: 0x0000000015835000
RBP=0x000000001585f600 is an unknown value
RSI=0x0000000002ecebb0 is an unknown value
RDI=0x0000000000000000 is an unknown value
R8 =0x48f0c0d3ffff0013 is an unknown value
R9 =0x0000000000000000 is an unknown value
R10=0x000000001585f830 is an unknown value
R11=0x0000000019249d90 is an unknown value
R12=0x0000000015835000 is a thread
R13=0x000000001585f600 is an unknown value
R14=0x0000000016b360b0 is an unknown value
R15=0x0000000000000000 is an unknown value


Stack: [0x0000000016150000,0x0000000016250000],  sp=0x000000001624cb60,  free space=1010k
Native frames: (J=compiled Java code, j=interpreted, Vv=VM code, C=native code)
V  [jvm.dll+0x42bf8]
V  [jvm.dll+0x42f89]
V  [jvm.dll+0x4124b]
V  [jvm.dll+0x41b21b]
V  [jvm.dll+0x415ffa]
V  [jvm.dll+0x418e47]
V  [jvm.dll+0x41960b]
V  [jvm.dll+0x41a527]
V  [jvm.dll+0x41a788]
V  [jvm.dll+0x41abbb]
V  [jvm.dll+0x41a715]
V  [jvm.dll+0x41645b]
V  [jvm.dll+0x418e47]
V  [jvm.dll+0x41960b]
V  [jvm.dll+0x41a527]
V  [jvm.dll+0x41a788]
V  [jvm.dll+0x41abbb]
V  [jvm.dll+0x41a715]
V  [jvm.dll+0x41645b]
V  [jvm.dll+0x418e47]
V  [jvm.dll+0x41973d]
V  [jvm.dll+0x41a527]
V  [jvm.dll+0x41a788]
V  [jvm.dll+0x41abbb]
V  [jvm.dll+0x41a715]
V  [jvm.dll+0x41645b]
V  [jvm.dll+0x418e47]
V  [jvm.dll+0x41960b]
V  [jvm.dll+0x41a527]
V  [jvm.dll+0x41a788]
V  [jvm.dll+0x41abbb]
V  [jvm.dll+0x41a715]
V  [jvm.dll+0x41645b]
V  [jvm.dll+0x418e47]
V  [jvm.dll+0x41973d]
V  [jvm.dll+0x41a527]
V  [jvm.dll+0x41a788]
V  [jvm.dll+0x41abbb]
V  [jvm.dll+0x41a715]
V  [jvm.dll+0x41645b]
V  [jvm.dll+0x418e47]
V  [jvm.dll+0x41960b]
V  [jvm.dll+0x41a527]
V  [jvm.dll+0x41a788]
V  [jvm.dll+0x41645b]
V  [jvm.dll+0x418e47]
V  [jvm.dll+0x41960b]
V  [jvm.dll+0x41a527]
V  [jvm.dll+0x41a788]
V  [jvm.dll+0x41645b]
V  [jvm.dll+0x418e47]
V  [jvm.dll+0x41973d]
V  [jvm.dll+0x419b32]
V  [jvm.dll+0x41ec25]
V  [jvm.dll+0x41ed30]
V  [jvm.dll+0x408bd8]
V  [jvm.dll+0x408e41]
V  [jvm.dll+0x409002]
V  [jvm.dll+0x4091d1]
V  [jvm.dll+0x4093df]
V  [jvm.dll+0xa4662]
V  [jvm.dll+0xa4f9f]
V  [jvm.dll+0x243134]
V  [jvm.dll+0x299f6a]
C  [msvcr100.dll+0x21d9f]
C  [msvcr100.dll+0x21e3b]
C  [KERNEL32.DLL+0x17034]
C  [ntdll.dll+0x52651]


Current CompileTask:
C1:  16625 6152       3       android.content.res.TypedArray::$$robo$$android_content_res_TypedArray$loadStringValueAt (51 bytes)


---------------  P R O C E S S  ---------------

Java Threads: ( => current thread )
  0x000000001a78f000 JavaThread "Java2D Disposer" daemon [_thread_blocked, id=5044, stack(0x000000001a0b0000,0x000000001a1b0000)]
  0x0000000016a8e800 JavaThread "SDK 28 Main Thread" [_thread_in_Java, id=13184, stack(0x0000000018760000,0x0000000018860000)]
  0x00000000168da000 JavaThread "/192.168.1.6:56609 to /0.0.0.0:56608 workers Thread 3" [_thread_in_native, id=3980, stack(0x0000000018260000,0x0000000018360000)]
  0x00000000168d6000 JavaThread "/192.168.1.6:56609 to /0.0.0.0:56608 workers Thread 2" [_thread_blocked, id=6816, stack(0x0000000018160000,0x0000000018260000)]
  0x00000000169a7000 JavaThread "Test worker" [_thread_blocked, id=2304, stack(0x0000000018060000,0x0000000018160000)]
  0x00000000158b0800 JavaThread "Service Thread" daemon [_thread_blocked, id=13304, stack(0x0000000016250000,0x0000000016350000)]
=>0x0000000015835000 JavaThread "C1 CompilerThread2" daemon [_thread_in_vm, id=11792, stack(0x0000000016150000,0x0000000016250000)]
  0x000000001582b000 JavaThread "C2 CompilerThread1" daemon [_thread_in_native, id=6480, stack(0x0000000016050000,0x0000000016150000)]
  0x000000001440c800 JavaThread "C2 CompilerThread0" daemon [_thread_blocked, id=1392, stack(0x0000000015f50000,0x0000000016050000)]
  0x0000000015829000 JavaThread "Attach Listener" daemon [_thread_blocked, id=7344, stack(0x0000000015e50000,0x0000000015f50000)]
  0x0000000015828800 JavaThread "Signal Dispatcher" daemon [_thread_blocked, id=14480, stack(0x0000000015d50000,0x0000000015e50000)]
  0x0000000002f77000 JavaThread "Finalizer" daemon [_thread_blocked, id=10416, stack(0x0000000015600000,0x0000000015700000)]
  0x0000000002f6e000 JavaThread "Reference Handler" daemon [_thread_blocked, id=2088, stack(0x0000000015500000,0x0000000015600000)]
  0x000000000155e000 JavaThread "main" [_thread_blocked, id=12424, stack(0x0000000002d80000,0x0000000002e80000)]

Other Threads:
  0x0000000014378000 VMThread [stack: 0x0000000015400000,0x0000000015500000] [id=612]
  0x000000001596b000 WatcherThread [stack: 0x0000000016350000,0x0000000016450000] [id=12388]

VM state:not at safepoint (normal execution)

VM Mutex/Monitor currently owned by a thread: None

Heap:
 PSYoungGen      total 151040K, used 82634K [0x00000000f5580000, 0x0000000100000000, 0x0000000100000000)
  eden space 136704K, 49% used [0x00000000f5580000,0x00000000f9834cc0,0x00000000fdb00000)
  from space 14336K, 99% used [0x00000000ff200000,0x00000000ffffdbb0,0x0000000100000000)
  to   space 18944K, 0% used [0x00000000fdb00000,0x00000000fdb00000,0x00000000fed80000)
 ParOldGen       total 163840K, used 64983K [0x00000000e0000000, 0x00000000ea000000, 0x00000000f5580000)
  object space 163840K, 39% used [0x00000000e0000000,0x00000000e3f75e38,0x00000000ea000000)
 Metaspace       used 59448K, capacity 67119K, committed 67200K, reserved 1107968K
  class space    used 7109K, capacity 9318K, committed 9344K, reserved 1048576K

Card table byte_map: [0x0000000012340000,0x0000000012450000] byte_map_base: 0x0000000011c40000

Marking Bits: (ParMarkBitMap*) 0x000000005eb1a5b0
 Begin Bits: [0x0000000012900000, 0x0000000013100000)
 End Bits:   [0x0000000013100000, 0x0000000013900000)

Polling page: 0x00000000015a0000

CodeCache: size=245760Kb used=16933Kb max_used=16949Kb free=228826Kb
 bounds [0x0000000002f80000, 0x0000000004030000, 0x0000000011f80000]
 total_blobs=6284 nmethods=5007 adapters=1189
 compilation: enabled

Compilation events (10 events):
Event: 16.538 Thread 0x0000000015835000 nmethod 6147 0x0000000003fff4d0 code [0x0000000003fff660, 0x0000000003fffca8]
Event: 16.538 Thread 0x0000000015835000 6148       3       java.lang.invoke.LambdaForm$MH/398082512::guard (115 bytes)
Event: 16.538 Thread 0x0000000015835000 nmethod 6148 0x0000000004014550 code [0x0000000004014760, 0x0000000004015648]
Event: 16.538 Thread 0x0000000015835000 6149   !   3       java.lang.invoke.LambdaForm$MH/1760391415::guardWithCatch (87 bytes)
Event: 16.539 Thread 0x0000000015835000 nmethod 6149 0x0000000004013610 code [0x00000000040137c0, 0x0000000004014268]
Event: 16.539 Thread 0x0000000015835000 6150       3       java.lang.invoke.LambdaForm$DMH/967147127::invokeSpecial_LI4_V (22 bytes)
Event: 16.539 Thread 0x0000000015835000 nmethod 6150 0x0000000004012e10 code [0x0000000004012fa0, 0x0000000004013498]
Event: 16.539 Thread 0x0000000015835000 6151       3       android.content.res.TypedArray::loadStringValueAt (8 bytes)
Event: 16.540 Thread 0x0000000015835000 nmethod 6151 0x0000000004015ed0 code [0x0000000004016200, 0x0000000004017cc8]
Event: 16.540 Thread 0x0000000015835000 6152       3       android.content.res.TypedArray::$$robo$$android_content_res_TypedArray$loadStringValueAt (51 bytes)

GC Heap History (10 events):
Event: 13.671 GC heap before
{Heap before GC invocations=19 (full 3):
 PSYoungGen      total 160256K, used 151634K [0x00000000f5580000, 0x0000000100000000, 0x0000000100000000)
  eden space 146944K, 100% used [0x00000000f5580000,0x00000000fe500000,0x00000000fe500000)
  from space 13312K, 35% used [0x00000000fe500000,0x00000000fe994ba0,0x00000000ff200000)
  to   space 13312K, 0% used [0x00000000ff300000,0x00000000ff300000,0x0000000100000000)
 ParOldGen       total 163840K, used 61284K [0x00000000e0000000, 0x00000000ea000000, 0x00000000f5580000)
  object space 163840K, 37% used [0x00000000e0000000,0x00000000e3bd90b0,0x00000000ea000000)
 Metaspace       used 53826K, capacity 60225K, committed 60288K, reserved 1101824K
  class space    used 6575K, capacity 8554K, committed 8576K, reserved 1048576K
Event: 13.681 GC heap after
Heap after GC invocations=19 (full 3):
 PSYoungGen      total 161280K, used 8185K [0x00000000f5580000, 0x0000000100000000, 0x0000000100000000)
  eden space 147968K, 0% used [0x00000000f5580000,0x00000000f5580000,0x00000000fe600000)
  from space 13312K, 61% used [0x00000000ff300000,0x00000000ffafe770,0x0000000100000000)
  to   space 13312K, 0% used [0x00000000fe600000,0x00000000fe600000,0x00000000ff300000)
 ParOldGen       total 163840K, used 61292K [0x00000000e0000000, 0x00000000ea000000, 0x00000000f5580000)
  object space 163840K, 37% used [0x00000000e0000000,0x00000000e3bdb0b0,0x00000000ea000000)
 Metaspace       used 53826K, capacity 60225K, committed 60288K, reserved 1101824K
  class space    used 6575K, capacity 8554K, committed 8576K, reserved 1048576K
}
Event: 14.330 GC heap before
{Heap before GC invocations=20 (full 3):
 PSYoungGen      total 161280K, used 156153K [0x00000000f5580000, 0x0000000100000000, 0x0000000100000000)
  eden space 147968K, 100% used [0x00000000f5580000,0x00000000fe600000,0x00000000fe600000)
  from space 13312K, 61% used [0x00000000ff300000,0x00000000ffafe770,0x0000000100000000)
  to   space 13312K, 0% used [0x00000000fe600000,0x00000000fe600000,0x00000000ff300000)
 ParOldGen       total 163840K, used 61292K [0x00000000e0000000, 0x00000000ea000000, 0x00000000f5580000)
  object space 163840K, 37% used [0x00000000e0000000,0x00000000e3bdb0b0,0x00000000ea000000)
 Metaspace       used 56551K, capacity 63303K, committed 63488K, reserved 1103872K
  class space    used 6861K, capacity 8919K, committed 8960K, reserved 1048576K
Event: 14.357 GC heap after
Heap after GC invocations=20 (full 3):
 PSYoungGen      total 161280K, used 8875K [0x00000000f5580000, 0x0000000100000000, 0x0000000100000000)
  eden space 147968K, 0% used [0x00000000f5580000,0x00000000f5580000,0x00000000fe600000)
  from space 13312K, 66% used [0x00000000fe600000,0x00000000feeaae28,0x00000000ff300000)
  to   space 13312K, 0% used [0x00000000ff300000,0x00000000ff300000,0x0000000100000000)
 ParOldGen       total 163840K, used 61300K [0x00000000e0000000, 0x00000000ea000000, 0x00000000f5580000)
  object space 163840K, 37% used [0x00000000e0000000,0x00000000e3bdd0b0,0x00000000ea000000)
 Metaspace       used 56551K, capacity 63303K, committed 63488K, reserved 1103872K
  class space    used 6861K, capacity 8919K, committed 8960K, reserved 1048576K
}
Event: 15.214 GC heap before
{Heap before GC invocations=21 (full 3):
 PSYoungGen      total 161280K, used 156843K [0x00000000f5580000, 0x0000000100000000, 0x0000000100000000)
  eden space 147968K, 100% used [0x00000000f5580000,0x00000000fe600000,0x00000000fe600000)
  from space 13312K, 66% used [0x00000000fe600000,0x00000000feeaae28,0x00000000ff300000)
  to   space 13312K, 0% used [0x00000000ff300000,0x00000000ff300000,0x0000000100000000)
 ParOldGen       total 163840K, used 61300K [0x00000000e0000000, 0x00000000ea000000, 0x00000000f5580000)
  object space 163840K, 37% used [0x00000000e0000000,0x00000000e3bdd0b0,0x00000000ea000000)
 Metaspace       used 58779K, capacity 65925K, committed 66048K, reserved 1105920K
  class space    used 7068K, capacity 9211K, committed 9216K, reserved 1048576K
Event: 15.235 GC heap after
Heap after GC invocations=21 (full 3):
 PSYoungGen      total 159232K, used 11873K [0x00000000f5580000, 0x0000000100000000, 0x0000000100000000)
  eden space 145920K, 0% used [0x00000000f5580000,0x00000000f5580000,0x00000000fe400000)
  from space 13312K, 89% used [0x00000000ff300000,0x00000000ffe98768,0x0000000100000000)
  to   space 14336K, 0% used [0x00000000fe400000,0x00000000fe400000,0x00000000ff200000)
 ParOldGen       total 163840K, used 61308K [0x00000000e0000000, 0x00000000ea000000, 0x00000000f5580000)
  object space 163840K, 37% used [0x00000000e0000000,0x00000000e3bdf0b0,0x00000000ea000000)
 Metaspace       used 58779K, capacity 65925K, committed 66048K, reserved 1105920K
  class space    used 7068K, capacity 9211K, committed 9216K, reserved 1048576K
}
Event: 15.803 GC heap before
{Heap before GC invocations=22 (full 3):
 PSYoungGen      total 159232K, used 157793K [0x00000000f5580000, 0x0000000100000000, 0x0000000100000000)
  eden space 145920K, 100% used [0x00000000f5580000,0x00000000fe400000,0x00000000fe400000)
  from space 13312K, 89% used [0x00000000ff300000,0x00000000ffe98768,0x0000000100000000)
  to   space 14336K, 0% used [0x00000000fe400000,0x00000000fe400000,0x00000000ff200000)
 ParOldGen       total 163840K, used 61308K [0x00000000e0000000, 0x00000000ea000000, 0x00000000f5580000)
  object space 163840K, 37% used [0x00000000e0000000,0x00000000e3bdf0b0,0x00000000ea000000)
 Metaspace       used 59089K, capacity 66561K, committed 66688K, reserved 1105920K
  class space    used 7083K, capacity 9257K, committed 9344K, reserved 1048576K
Event: 15.817 GC heap after
Heap after GC invocations=22 (full 3):
 PSYoungGen      total 160256K, used 14326K [0x00000000f5580000, 0x0000000100000000, 0x0000000100000000)
  eden space 145920K, 0% used [0x00000000f5580000,0x00000000f5580000,0x00000000fe400000)
  from space 14336K, 99% used [0x00000000fe400000,0x00000000ff1fdbb0,0x00000000ff200000)
  to   space 14336K, 0% used [0x00000000ff200000,0x00000000ff200000,0x0000000100000000)
 ParOldGen       total 163840K, used 61332K [0x00000000e0000000, 0x00000000ea000000, 0x00000000f5580000)
  object space 163840K, 37% used [0x00000000e0000000,0x00000000e3be50b0,0x00000000ea000000)
 Metaspace       used 59089K, capacity 66561K, committed 66688K, reserved 1105920K
  class space    used 7083K, capacity 9257K, committed 9344K, reserved 1048576K
}
Event: 16.381 GC heap before
{Heap before GC invocations=23 (full 3):
 PSYoungGen      total 160256K, used 160246K [0x00000000f5580000, 0x0000000100000000, 0x0000000100000000)
  eden space 145920K, 100% used [0x00000000f5580000,0x00000000fe400000,0x00000000fe400000)
  from space 14336K, 99% used [0x00000000fe400000,0x00000000ff1fdbb0,0x00000000ff200000)
  to   space 14336K, 0% used [0x00000000ff200000,0x00000000ff200000,0x0000000100000000)
 ParOldGen       total 163840K, used 61332K [0x00000000e0000000, 0x00000000ea000000, 0x00000000f5580000)
  object space 163840K, 37% used [0x00000000e0000000,0x00000000e3be50b0,0x00000000ea000000)
 Metaspace       used 59235K, capacity 66813K, committed 66944K, reserved 1107968K
  class space    used 7093K, capacity 9273K, committed 9344K, reserved 1048576K
Event: 16.398 GC heap after
Heap after GC invocations=23 (full 3):
 PSYoungGen      total 151040K, used 14326K [0x00000000f5580000, 0x0000000100000000, 0x0000000100000000)
  eden space 136704K, 0% used [0x00000000f5580000,0x00000000f5580000,0x00000000fdb00000)
  from space 14336K, 99% used [0x00000000ff200000,0x00000000ffffdbb0,0x0000000100000000)
  to   space 18944K, 0% used [0x00000000fdb00000,0x00000000fdb00000,0x00000000fed80000)
 ParOldGen       total 163840K, used 64983K [0x00000000e0000000, 0x00000000ea000000, 0x00000000f5580000)
  object space 163840K, 39% used [0x00000000e0000000,0x00000000e3f75e38,0x00000000ea000000)
 Metaspace       used 59235K, capacity 66813K, committed 66944K, reserved 1107968K
  class space    used 7093K, capacity 9273K, committed 9344K, reserved 1048576K
}

Deoptimization events (10 events):
Event: 14.657 Thread 0x0000000016a8e800 Uncommon trap: reason=bimorphic action=maybe_recompile pc=0x0000000003d39248 method=java.util.regex.Pattern$CharProperty.study(Ljava/util/regex/Pattern$TreeInfo;)Z @ 25
Event: 14.673 Thread 0x0000000016a8e800 Uncommon trap: reason=unstable_if action=reinterpret pc=0x0000000003272d18 method=org.robolectric.res.android.ResTable_config.isBetterThan(Lorg/robolectric/res/android/ResTable_config;Lorg/robolectric/res/android/ResTable_config;)Z @ 898
Event: 14.689 Thread 0x0000000016a8e800 Uncommon trap: reason=unstable_if action=reinterpret pc=0x00000000038ec5dc method=org.robolectric.res.android.CppAssetManager2$Theme.SetTo(Lorg/robolectric/res/android/CppAssetManager2$Theme;)Z @ 53
Event: 15.511 Thread 0x0000000016a8e800 Uncommon trap: reason=bimorphic action=maybe_recompile pc=0x00000000032702fc method=java.util.regex.Pattern$Start.<init>(Ljava/util/regex/Pattern$Node;)V @ 22
Event: 15.511 Thread 0x0000000016a8e800 Uncommon trap: reason=bimorphic action=maybe_recompile pc=0x0000000003d39248 method=java.util.regex.Pattern$CharProperty.study(Ljava/util/regex/Pattern$TreeInfo;)Z @ 25
Event: 15.947 Thread 0x0000000016a8e800 Uncommon trap: reason=unstable_if action=reinterpret pc=0x00000000034de414 method=com.google.common.base.Objects.equal(Ljava/lang/Object;Ljava/lang/Object;)Z @ 2
Event: 15.947 Thread 0x0000000016a8e800 Uncommon trap: reason=unstable_if action=reinterpret pc=0x000000000365f434 method=com.google.common.base.Objects.equal(Ljava/lang/Object;Ljava/lang/Object;)Z @ 2
Event: 15.996 Thread 0x0000000016a8e800 Uncommon trap: reason=bimorphic action=maybe_recompile pc=0x00000000032702fc method=java.util.regex.Pattern$Start.<init>(Ljava/util/regex/Pattern$Node;)V @ 22
Event: 15.996 Thread 0x0000000016a8e800 Uncommon trap: reason=bimorphic action=maybe_recompile pc=0x0000000003d39248 method=java.util.regex.Pattern$CharProperty.study(Ljava/util/regex/Pattern$TreeInfo;)Z @ 25
Event: 16.076 Thread 0x0000000016a8e800 Uncommon trap: reason=unstable_if action=reinterpret pc=0x0000000003438b20 method=com.google.common.base.Objects.equal(Ljava/lang/Object;Ljava/lang/Object;)Z @ 2

Internal exceptions (10 events):
Event: 12.332 Thread 0x0000000016a8e800 Implicit null exception at 0x00000000031b2595 to 0x00000000031b2791
Event: 12.889 Thread 0x0000000016a8e800 Implicit null exception at 0x00000000030c6754 to 0x00000000030c74ad
Event: 13.164 Thread 0x0000000016a8e800 Implicit null exception at 0x00000000032b5b98 to 0x00000000032b5c26
Event: 13.237 Thread 0x0000000016a8e800 Implicit null exception at 0x000000000368f9ea to 0x000000000368ffb5
Event: 13.412 Thread 0x0000000016a8e800 Exception <a 'java/lang/NoSuchMethodError': java.lang.Object.lambda$comparingDouble$8dcf42ea$1(Ljava/util/function/ToDoubleFunction;Ljava/lang/Object;Ljava/lang/Object;)I> (0x00000000fa8dd7a8) thrown at [C:\re\workspace\8-2-build-windows-amd64-cygwin\jdk8ul[”Ù Û,@
Event: 14.428 Thread 0x0000000016a8e800 Implicit null exception at 0x000000000333f117 to 0x000000000333f1ed
Event: 14.559 Thread 0x0000000016a8e800 Exception <a 'java/lang/NoSuchMethodError': java.lang.Object.lambda$get$0(Ljava/lang/Object;)V> (0x00000000f7134bb0) thrown at [C:\re\workspace\8-2-build-windows-amd64-cygwin\jdk8u60\4407\hotspot\src\share\vm\interpreter\linkResolver.cpp, line 582]
Event: 14.686 Thread 0x0000000016a8e800 Exception <a 'sun/nio/fs/WindowsException'> (0x00000000f8ae2740) thrown at [C:\re\workspace\8-2-build-windows-amd64-cygwin\jdk8u60\4407\hotspot\src\share\vm\prims\jni.cpp, line 709]
Event: 15.563 Thread 0x0000000016a8e800 Exception <a 'sun/nio/fs/WindowsException'> (0x00000000f947e628) thrown at [C:\re\workspace\8-2-build-windows-amd64-cygwin\jdk8u60\4407\hotspot\src\share\vm\prims\jni.cpp, line 709]
Event: 16.065 Thread 0x0000000016a8e800 Exception <a 'sun/nio/fs/WindowsException'> (0x00000000f95bcf38) thrown at [C:\re\workspace\8-2-build-windows-amd64-cygwin\jdk8u60\4407\hotspot\src\share\vm\prims\jni.cpp, line 709]

Events (10 events):
Event: 16.011 Thread 0x0000000016a8e800 DEOPT UNPACKING pc=0x0000000002fc787f sp=0x000000001885b7d0 mode 0
Event: 16.076 Thread 0x0000000016a8e800 Uncommon trap: trap_request=0xffffff65 fr.pc=0x0000000003438b20
Event: 16.076 Thread 0x0000000016a8e800 DEOPT PACKING pc=0x0000000003438b20 sp=0x000000001885bd60
Event: 16.076 Thread 0x0000000016a8e800 DEOPT UNPACKING pc=0x0000000002fc582a sp=0x000000001885bca0 mode 2
Event: 16.381 Executing VM operation: ParallelGCFailedAllocation
Event: 16.398 Executing VM operation: ParallelGCFailedAllocation done
Event: 16.398 Executing VM operation: RevokeBias
Event: 16.399 Executing VM operation: RevokeBias done
Event: 16.400 Executing VM operation: RevokeBias
Event: 16.400 Executing VM operation: RevokeBias done


Dynamic libraries:
0x00007ff6ca020000 - 0x00007ff6ca057000 	C:\Program Files\Java\jdk1.8.0_60\bin\java.exe
0x00007ffca4f90000 - 0x00007ffca5185000 	C:\WINDOWS\SYSTEM32\ntdll.dll
0x00007ffca46a0000 - 0x00007ffca475d000 	C:\WINDOWS\System32\KERNEL32.DLL
0x00007ffca2930000 - 0x00007ffca2bf9000 	C:\WINDOWS\System32\KERNELBASE.dll
0x00007ffca3ca0000 - 0x00007ffca3d4c000 	C:\WINDOWS\System32\ADVAPI32.dll
0x00007ffca4760000 - 0x00007ffca47fe000 	C:\WINDOWS\System32\msvcrt.dll
0x00007ffca4e50000 - 0x00007ffca4eeb000 	C:\WINDOWS\System32\sechost.dll
0x00007ffca4910000 - 0x00007ffca4a3a000 	C:\WINDOWS\System32\RPCRT4.dll
0x00007ffca3120000 - 0x00007ffca32c0000 	C:\WINDOWS\System32\USER32.dll
0x00007ffca2e40000 - 0x00007ffca2e62000 	C:\WINDOWS\System32\win32u.dll
0x00007ffca30f0000 - 0x00007ffca311a000 	C:\WINDOWS\System32\GDI32.dll
0x00007ffca2fd0000 - 0x00007ffca30db000 	C:\WINDOWS\System32\gdi32full.dll
0x00007ffca2890000 - 0x00007ffca292d000 	C:\WINDOWS\System32\msvcp_win.dll
0x00007ffca2c00000 - 0x00007ffca2d00000 	C:\WINDOWS\System32\ucrtbase.dll
0x00007ffc90d90000 - 0x00007ffc9102a000 	C:\WINDOWS\WinSxS\amd64_microsoft.windows.common-controls_6595b64144ccf1df_6.0.19041.1110_none_60b5254171f9507e\COMCTL32.dll
0x00007ffca4880000 - 0x00007ffca48b0000 	C:\WINDOWS\System32\IMM32.DLL
0x000000005eba0000 - 0x000000005ec72000 	C:\Program Files\Java\jdk1.8.0_60\jre\bin\msvcr100.dll
0x000000005e310000 - 0x000000005eb99000 	C:\Program Files\Java\jdk1.8.0_60\jre\bin\server\jvm.dll
0x00007ffca3c90000 - 0x00007ffca3c98000 	C:\WINDOWS\System32\PSAPI.DLL
0x00007ffc975a0000 - 0x00007ffc975aa000 	C:\WINDOWS\SYSTEM32\VERSION.dll
0x00007ffca0f60000 - 0x00007ffca0f69000 	C:\WINDOWS\SYSTEM32\WSOCK32.dll
0x00007ffc94400000 - 0x00007ffc94427000 	C:\WINDOWS\SYSTEM32\WINMM.dll
0x00007ffca3d50000 - 0x00007ffca3dbb000 	C:\WINDOWS\System32\WS2_32.dll
0x000000005e300000 - 0x000000005e30f000 	C:\Program Files\Java\jdk1.8.0_60\jre\bin\verify.dll
0x000000005e2d0000 - 0x000000005e2f9000 	C:\Program Files\Java\jdk1.8.0_60\jre\bin\java.dll
0x000000005e2b0000 - 0x000000005e2c6000 	C:\Program Files\Java\jdk1.8.0_60\jre\bin\zip.dll
0x00007ffca32c0000 - 0x00007ffca39ff000 	C:\WINDOWS\System32\SHELL32.dll
0x00007ffca07a0000 - 0x00007ffca0f30000 	C:\WINDOWS\SYSTEM32\windows.storage.dll
0x00007ffca4a40000 - 0x00007ffca4d95000 	C:\WINDOWS\System32\combase.dll
0x00007ffca2140000 - 0x00007ffca216c000 	C:\WINDOWS\SYSTEM32\Wldp.dll
0x00007ffca4da0000 - 0x00007ffca4e4e000 	C:\WINDOWS\System32\SHCORE.dll
0x00007ffca4ef0000 - 0x00007ffca4f45000 	C:\WINDOWS\System32\shlwapi.dll
0x00007ffca26f0000 - 0x00007ffca270f000 	C:\WINDOWS\SYSTEM32\profapi.dll
0x000000005e290000 - 0x000000005e2aa000 	C:\Program Files\Java\jdk1.8.0_60\jre\bin\net.dll
0x00007ffca1ea0000 - 0x00007ffca1f0a000 	C:\WINDOWS\system32\mswsock.dll
0x000000005e270000 - 0x000000005e281000 	C:\Program Files\Java\jdk1.8.0_60\jre\bin\nio.dll
0x00007ffc8a140000 - 0x00007ffc8a157000 	C:\WINDOWS\system32\napinsp.dll
0x00007ffc892d0000 - 0x00007ffc892eb000 	C:\WINDOWS\system32\pnrpnsp.dll
0x00007ffc9c850000 - 0x00007ffc9c865000 	C:\WINDOWS\system32\wshbth.dll
0x00007ffc9dea0000 - 0x00007ffc9debd000 	C:\WINDOWS\system32\NLAapi.dll
0x00007ffca1b90000 - 0x00007ffca1bcb000 	C:\WINDOWS\SYSTEM32\IPHLPAPI.DLL
0x00007ffca1bd0000 - 0x00007ffca1c9c000 	C:\WINDOWS\SYSTEM32\DNSAPI.dll
0x00007ffca30e0000 - 0x00007ffca30e8000 	C:\WINDOWS\System32\NSI.dll
0x00007ffc88730000 - 0x00007ffc88742000 	C:\WINDOWS\System32\winrnr.dll
0x00007ffc91450000 - 0x00007ffc9145a000 	C:\Windows\System32\rasadhlp.dll
0x00007ffc919b0000 - 0x00007ffc91a2f000 	C:\WINDOWS\System32\fwpuclnt.dll
0x00007ffca2810000 - 0x00007ffca2837000 	C:\WINDOWS\System32\bcrypt.dll
0x00007ffca20a0000 - 0x00007ffca20b8000 	C:\WINDOWS\SYSTEM32\CRYPTSP.dll
0x00007ffca1820000 - 0x00007ffca1854000 	C:\WINDOWS\system32\rsaenh.dll
0x00007ffca26b0000 - 0x00007ffca26de000 	C:\WINDOWS\SYSTEM32\USERENV.dll
0x00007ffca2d00000 - 0x00007ffca2d83000 	C:\WINDOWS\System32\bcryptprimitives.dll
0x00007ffca2090000 - 0x00007ffca209c000 	C:\WINDOWS\SYSTEM32\CRYPTBASE.dll
0x00007ffc981f0000 - 0x00007ffc98207000 	C:\WINDOWS\SYSTEM32\dhcpcsvc6.DLL
0x00007ffc99570000 - 0x00007ffc9958d000 	C:\WINDOWS\SYSTEM32\dhcpcsvc.DLL
0x000000005e230000 - 0x000000005e254000 	C:\Program Files\Java\jdk1.8.0_60\jre\bin\sunec.dll
0x000000005ee60000 - 0x000000005ee6b000 	C:\Program Files\Java\jdk1.8.0_60\jre\bin\sunmscapi.dll
0x00007ffca2e70000 - 0x00007ffca2fcf000 	C:\WINDOWS\System32\CRYPT32.dll
0x000000005e090000 - 0x000000005e228000 	C:\Program Files\Java\jdk1.8.0_60\jre\bin\awt.dll
0x00007ffca3a00000 - 0x00007ffca3acd000 	C:\WINDOWS\System32\OLEAUT32.dll
0x00007ffc9fd20000 - 0x00007ffc9fdb0000 	C:\WINDOWS\SYSTEM32\apphelp.dll
0x00007ffc95170000 - 0x00007ffc95354000 	C:\WINDOWS\SYSTEM32\dbghelp.dll

VM Arguments:
jvm_args: -Djava.awt.headless=true -Djava.security.manager=worker.org.gradle.process.internal.worker.child.BootstrapSecurityManager -Dorg.gradle.native=false -Xmx512m -Dfile.encoding=UTF-8 -Duser.country=US -Duser.language=en -Duser.variant -ea 
java_command: worker.org.gradle.process.internal.worker.GradleWorkerMain 'Gradle Test Executor 10'
java_class_path (initial): C:\Users\reacts\.gradle\caches\6.7.1\workerMain\gradle-worker.jar
Launcher Type: SUN_STANDARD

Environment Variables:
JAVA_HOME=C:\Program Files\Java\jdk1.8.0_60
PATH=C:\xampp\php;C:\src\flutter\bin;C:\Program Files (x86)\NetSarang\Xshell 6\;C:\ProgramData\Oracle\Java\javapath;C:\WINDOWS\system32;C:\WINDOWS;C:\WINDOWS\System32\Wbem;C:\WINDOWS\System32\WindowsPowerShell\v1.0\;C:\Program Files\Java\jdk1.8.0_60\bin;C:\Program Files\Git\cmd;C:\ProgramData\ComposerSetup\bin;C:\Program Files\PuTTY\;C:\Program Files\nodejs\;C:\Program Files\Python\Python38-32;D:\gradle\gradle-6.2.2\bin;C:\WINDOWS\System32\OpenSSH\;C:\Program Files\MongoDB\Server\4.4\bin;C:\Users\reacts\AppData\Local\Android\Sdk\platform-tools;D:\HBase\hbase-2.4.0\bin;C:\Program Files (x86)\Microsoft SQL Server\150\Tools\Binn\;C:\Program Files\Microsoft SQL Server\150\Tools\Binn\;C:\Program Files (x86)\Microsoft SQL Server\150\DTS\Binn\;C:\Program Files\Microsoft SQL Server\150\DTS\Binn\;C:\Program Files\Microsoft SQL Server\Client SDK\ODBC\170\Tools\Binn\;C:\Program Files\Azure Data Studio\bin;C:\Program Files\Microsoft SQL Server\140\DTS\Binn\;C:\Program Files\Microsoft SQL Server\Client SDK\ODBC\130\Tools\Binn\;C:\Program Files (x86)\Microsoft SQL Server\140\Tools\Binn\;C:\Program Files\Microsoft SQL Server\140\Tools\Binn\;C:\src\flutter\bin\cache\dart-sdk\bin;C:\src\flutter\.pub-cache\bin;C:\Users\reacts\AppData\Roaming\Pub\Cache\bin;;C:\Program Files\NVIDIA Corporation\NVIDIA NvDLISR;C:\Users\reacts\AppData\Roaming\Composer\vendor\bin;C:\Users\reacts\AppData\Roaming\npm;C:\src\flutter\bin;C:\Program Files\Python\Python38-32;C:\Program Files\heroku\bin;C:\Users\reacts\AppData\Local\Microsoft\WindowsApps;C:\Users\reacts\Documents\hbase-2.2.6;C:\Program Files\Java\jdk1.8.0_60;C:\Program Files\Azure Data Studio\bin;C:\Users\reacts\AppData\Local\Programs\Microsoft VS Code\bin;C:\Users\reacts\AppData\Local\Google\Cloud SDK\google-cloud-sdk\bin;
USERNAME=reacts
OS=Windows_NT
PROCESSOR_IDENTIFIER=Intel64 Family 6 Model 61 Stepping 4, GenuineIntel



---------------  S Y S T E M  ---------------

OS: Windows 10.0 , 64 bit Build 19041 (10.0.19041.1151)

CPU:total 4 (2 cores per cpu, 2 threads per core) family 6 model 61 stepping 4, cmov, cx8, fxsr, mmx, sse, sse2, sse3, ssse3, sse4.1, sse4.2, popcnt, avx, avx2, aes, clmul, erms, 3dnowpref, lzcnt, ht, tsc, tscinvbit, bmi1, bmi2, adx

Memory: 4k page, physical 8285604k(431048k free), swap 28732836k(19678848k free)

vm_info: Java HotSpot(TM) 64-Bit Server VM (25.60-b23) for windows-amd64 JRE (1.8.0_60-b27), built on Aug  4 2015 11:06:27 by "java_re" with MS VC++ 10.0 (VS2010)

time: Tue Sep 07 18:49:33 2021
elapsed time: 16 seconds (0d 0h 0m 16s)

