#
# A fatal error has been detected by the Java Runtime Environment:
#
#  EXCEPTION_ACCESS_VIOLATION (0xc0000005) at pc=0x000000005e352bf8, pid=11464, tid=15268
#
# JRE version: Java(TM) SE Runtime Environment (8.0_60-b27) (build 1.8.0_60-b27)
# Java VM: Java HotSpot(TM) 64-Bit Server VM (25.60-b23 mixed mode windows-amd64 compressed oops)
# Problematic frame:
# V  [jvm.dll+0x42bf8]
#
# Failed to write core dump. Minidumps are not enabled by default on client versions of Windows
#
# If you would like to submit a bug report, please visit:
#   http://bugreport.java.com/bugreport/crash.jsp
#

---------------  T H R E A D  ---------------

Current thread (0x000000001584b800):  JavaThread "C1 CompilerThread2" daemon [_thread_in_vm, id=15268, stack(0x0000000016120000,0x0000000016220000)]

siginfo: ExceptionCode=0xc0000005, reading address 0xffffffffffffffff

Registers:
RAX=0x000000001584b800, RBX=0x0000000002f5ebb0, RCX=0x0000000002f5ebb0, RDX=0x0000000002f5ebb0
RSP=0x000000001621cd50, RBP=0x00000000158abff0, RSI=0x0000000002f5ebb0, RDI=0x0000000000000000
R8 =0x48f0c0d3ffff0013, R9 =0x0000000000000000, R10=0x00000000158ac220, R11=0x000000001b9e91f0
R12=0x000000001584b800, R13=0x00000000158abff0, R14=0x0000000018ba3ca0, R15=0x0000000000000000
RIP=0x000000005e352bf8, EFLAGS=0x0000000000010202

Top of Stack: (sp=0x000000001621cd50)
0x000000001621cd50:   00000000000000b6 000000001621f300
0x000000001621cd60:   0000000000000000 0000000000000077
0x000000001621cd70:   000000001c70b5e8 000000001621f300
0x000000001621cd80:   000000001621ce60 000000005e33f425
0x000000001621cd90:   00000000000000e7 000000005e352f89
0x000000001621cda0:   0000000000000077 0000000000000077
0x000000001621cdb0:   0000000000000000 0000000000000000
0x000000001621cdc0:   00000000000000b6 000000001a4f2350
0x000000001621cdd0:   00000000157f2490 000000005e35124b
0x000000001621cde0:   0000000000000000 000000001584b800
0x000000001621cdf0:   0000000018ba4e10 000000005e33c4af
0x000000001621ce00:   000000001584b800 000000005e356570
0x000000001621ce10:   000000001584b800 000000001584b800
0x000000001621ce20:   000000001a4f2350 000000005e72b21b
0x000000001621ce30:   0000000000000000 0000000000000000
0x000000001621ce40:   0000000018ba4e10 0000000000000000 

Instructions: (pc=0x000000005e352bf8)
0x000000005e352bd8:   00 48 8b da ff 15 0e 08 59 00 44 0f b6 05 9a 4c
0x000000005e352be8:   7a 00 4c 8b e0 45 84 c0 74 39 4c 8b 03 48 8b cb
0x000000005e352bf8:   41 ff 50 08 84 c0 74 2b 83 7b 08 00 7e 25 0f b6
0x000000005e352c08:   83 0e 01 00 00 c0 e8 03 a8 01 74 17 48 8b 03 48 


Register to memory mapping:

RAX=0x000000001584b800 is a thread
RBX=0x0000000002f5ebb0 is an unknown value
RCX=0x0000000002f5ebb0 is an unknown value
RDX=0x0000000002f5ebb0 is an unknown value
RSP=0x000000001621cd50 is pointing into the stack for thread: 0x000000001584b800
RBP=0x00000000158abff0 is an unknown value
RSI=0x0000000002f5ebb0 is an unknown value
RDI=0x0000000000000000 is an unknown value
R8 =0x48f0c0d3ffff0013 is an unknown value
R9 =0x0000000000000000 is an unknown value
R10=0x00000000158ac220 is an unknown value
R11=0x000000001b9e91f0 is an unknown value
R12=0x000000001584b800 is a thread
R13=0x00000000158abff0 is an unknown value
R14=0x0000000018ba3ca0 is an unknown value
R15=0x0000000000000000 is an unknown value


Stack: [0x0000000016120000,0x0000000016220000],  sp=0x000000001621cd50,  free space=1011k
Native frames: (J=compiled Java code, j=interpreted, Vv=VM code, C=native code)
V  [jvm.dll+0x42bf8]
V  [jvm.dll+0x42f89]
V  [jvm.dll+0x4124b]
V  [jvm.dll+0x41b21b]
V  [jvm.dll+0x415ffa]
V  [jvm.dll+0x418e47]
V  [jvm.dll+0x41960b]
V  [jvm.dll+0x41a527]
V  [jvm.dll+0x41a788]
V  [jvm.dll+0x41abbb]
V  [jvm.dll+0x41a715]
V  [jvm.dll+0x41645b]
V  [jvm.dll+0x418e47]
V  [jvm.dll+0x41960b]
V  [jvm.dll+0x41a527]
V  [jvm.dll+0x41a788]
V  [jvm.dll+0x41abbb]
V  [jvm.dll+0x41a715]
V  [jvm.dll+0x41645b]
V  [jvm.dll+0x418e47]
V  [jvm.dll+0x41973d]
V  [jvm.dll+0x41a527]
V  [jvm.dll+0x41a788]
V  [jvm.dll+0x41abbb]
V  [jvm.dll+0x41a715]
V  [jvm.dll+0x41645b]
V  [jvm.dll+0x418e47]
V  [jvm.dll+0x41960b]
V  [jvm.dll+0x41a527]
V  [jvm.dll+0x41a788]
V  [jvm.dll+0x41abbb]
V  [jvm.dll+0x41a715]
V  [jvm.dll+0x41645b]
V  [jvm.dll+0x418e47]
V  [jvm.dll+0x41973d]
V  [jvm.dll+0x41a527]
V  [jvm.dll+0x41a788]
V  [jvm.dll+0x41abbb]
V  [jvm.dll+0x41a715]
V  [jvm.dll+0x41645b]
V  [jvm.dll+0x418e47]
V  [jvm.dll+0x41960b]
V  [jvm.dll+0x41a527]
V  [jvm.dll+0x41a788]
V  [jvm.dll+0x41645b]
V  [jvm.dll+0x418e47]
V  [jvm.dll+0x41960b]
V  [jvm.dll+0x41a527]
V  [jvm.dll+0x41a788]
V  [jvm.dll+0x41645b]
V  [jvm.dll+0x418e47]
V  [jvm.dll+0x41973d]
V  [jvm.dll+0x419b32]
V  [jvm.dll+0x41ec25]
V  [jvm.dll+0x41ed30]
V  [jvm.dll+0x408bd8]
V  [jvm.dll+0x408e41]
V  [jvm.dll+0x409002]
V  [jvm.dll+0x4091d1]
V  [jvm.dll+0x4093df]
V  [jvm.dll+0xa4662]
V  [jvm.dll+0xa4f9f]
V  [jvm.dll+0x243134]
V  [jvm.dll+0x299f6a]
C  [msvcr100.dll+0x21d9f]
C  [msvcr100.dll+0x21e3b]
C  [KERNEL32.DLL+0x17034]
C  [ntdll.dll+0x52651]


Current CompileTask:
C1:  15583 5973       3       android.content.res.TypedArray::$$robo$$android_content_res_TypedArray$loadStringValueAt (51 bytes)


---------------  P R O C E S S  ---------------

Java Threads: ( => current thread )
  0x00000000172a7000 JavaThread "Java2D Disposer" daemon [_thread_blocked, id=15168, stack(0x0000000019a00000,0x0000000019b00000)]
  0x000000001790e800 JavaThread "SDK 28 Main Thread" [_thread_in_Java, id=6748, stack(0x0000000018730000,0x0000000018830000)]
  0x00000000168bd800 JavaThread "/192.168.1.6:63783 to /0.0.0.0:63782 workers Thread 3" [_thread_in_native, id=10056, stack(0x0000000018230000,0x0000000018330000)]
  0x0000000016815800 JavaThread "/192.168.1.6:63783 to /0.0.0.0:63782 workers Thread 2" [_thread_blocked, id=708, stack(0x0000000018130000,0x0000000018230000)]
  0x000000001685a800 JavaThread "Test worker" [_thread_blocked, id=8512, stack(0x0000000018030000,0x0000000018130000)]
  0x0000000015882000 JavaThread "Service Thread" daemon [_thread_blocked, id=7804, stack(0x0000000016220000,0x0000000016320000)]
=>0x000000001584b800 JavaThread "C1 CompilerThread2" daemon [_thread_in_vm, id=15268, stack(0x0000000016120000,0x0000000016220000)]
  0x0000000015847800 JavaThread "C2 CompilerThread1" daemon [_thread_in_native, id=14420, stack(0x0000000016020000,0x0000000016120000)]
  0x00000000143dc000 JavaThread "C2 CompilerThread0" daemon [_thread_in_native, id=5920, stack(0x0000000015f20000,0x0000000016020000)]
  0x00000000157f9000 JavaThread "Attach Listener" daemon [_thread_blocked, id=12276, stack(0x0000000015e20000,0x0000000015f20000)]
  0x00000000157f8800 JavaThread "Signal Dispatcher" daemon [_thread_blocked, id=13068, stack(0x0000000015d20000,0x0000000015e20000)]
  0x0000000003007000 JavaThread "Finalizer" daemon [_thread_blocked, id=10776, stack(0x00000000155e0000,0x00000000156e0000)]
  0x0000000002ffe000 JavaThread "Reference Handler" daemon [_thread_blocked, id=9600, stack(0x00000000154e0000,0x00000000155e0000)]
  0x000000000110e000 JavaThread "main" [_thread_blocked, id=8564, stack(0x0000000002e00000,0x0000000002f00000)]

Other Threads:
  0x0000000014348000 VMThread [stack: 0x00000000153e0000,0x00000000154e0000] [id=9292]
  0x000000001586e800 WatcherThread [stack: 0x0000000016320000,0x0000000016420000] [id=12336]

VM state:not at safepoint (normal execution)

VM Mutex/Monitor currently owned by a thread: None

Heap:
 PSYoungGen      total 160256K, used 79666K [0x00000000f5580000, 0x0000000100000000, 0x0000000100000000)
  eden space 147456K, 48% used [0x00000000f5580000,0x00000000f9acf9d8,0x00000000fe580000)
  from space 12800K, 67% used [0x00000000ff280000,0x00000000ffafd010,0x00000000fff00000)
  to   space 13312K, 0% used [0x00000000fe580000,0x00000000fe580000,0x00000000ff280000)
 ParOldGen       total 158208K, used 65320K [0x00000000e0000000, 0x00000000e9a80000, 0x00000000f5580000)
  object space 158208K, 41% used [0x00000000e0000000,0x00000000e3fca190,0x00000000e9a80000)
 Metaspace       used 58995K, capacity 66432K, committed 66688K, reserved 1105920K
  class space    used 7078K, capacity 9230K, committed 9344K, reserved 1048576K

Card table byte_map: [0x00000000123d0000,0x00000000124e0000] byte_map_base: 0x0000000011cd0000

Marking Bits: (ParMarkBitMap*) 0x000000005eb1a5b0
 Begin Bits: [0x00000000128e0000, 0x00000000130e0000)
 End Bits:   [0x00000000130e0000, 0x00000000138e0000)

Polling page: 0x0000000001130000

CodeCache: size=245760Kb used=16012Kb max_used=16026Kb free=229747Kb
 bounds [0x0000000003010000, 0x0000000003fd0000, 0x0000000012010000]
 total_blobs=6257 nmethods=4980 adapters=1189
 compilation: enabled

Compilation events (10 events):
Event: 15.480 Thread 0x000000001584b800 5970       3       android.util.ContainerHelpers::$$robo$$android_util_ContainerHelpers$binarySearch (73 bytes)
Event: 15.480 Thread 0x000000001584b800 nmethod 5970 0x0000000003fb4f90 code [0x0000000003fb5100, 0x0000000003fb53d0]
Event: 15.480 Thread 0x000000001584b800 5968       3       java.lang.invoke.LambdaForm$MH/53857146::guard (115 bytes)
Event: 15.481 Thread 0x000000001584b800 nmethod 5968 0x0000000003fc0950 code [0x0000000003fc0b60, 0x0000000003fc1c28]
Event: 15.481 Thread 0x000000001584b800 5971       3       java.lang.invoke.LambdaForm$reinvoker/575878461::dontInline (24 bytes)
Event: 15.482 Thread 0x000000001584b800 nmethod 5971 0x0000000003fc24d0 code [0x0000000003fc2660, 0x0000000003fc2cb8]
Event: 15.483 Thread 0x0000000015847800 nmethod 5969 0x0000000003fb48d0 code [0x0000000003fb4a40, 0x0000000003fb4cc8]
Event: 15.485 Thread 0x000000001584b800 5972       3       java.lang.invoke.LambdaForm$MH/1806703632::exactInvoker (49 bytes)
Event: 15.486 Thread 0x000000001584b800 nmethod 5972 0x0000000003fc4b10 code [0x0000000003fc4d00, 0x0000000003fc58e8]
Event: 15.487 Thread 0x000000001584b800 5973       3       android.content.res.TypedArray::$$robo$$android_content_res_TypedArray$loadStringValueAt (51 bytes)

GC Heap History (10 events):
Event: 11.442 GC heap before
{Heap before GC invocations=19 (full 3):
 PSYoungGen      total 159232K, used 145408K [0x00000000f5580000, 0x0000000100000000, 0x0000000100000000)
  eden space 145408K, 100% used [0x00000000f5580000,0x00000000fe380000,0x00000000fe380000)
  from space 13824K, 0% used [0x00000000fe380000,0x00000000fe380000,0x00000000ff100000)
  to   space 14336K, 0% used [0x00000000ff200000,0x00000000ff200000,0x0000000100000000)
 ParOldGen       total 158208K, used 59510K [0x00000000e0000000, 0x00000000e9a80000, 0x00000000f5580000)
  object space 158208K, 37% used [0x00000000e0000000,0x00000000e3a1d948,0x00000000e9a80000)
 Metaspace       used 49997K, capacity 55906K, committed 56192K, reserved 1097728K
  class space    used 6173K, capacity 8002K, committed 8064K, reserved 1048576K
Event: 11.449 GC heap after
Heap after GC invocations=19 (full 3):
 PSYoungGen      total 160256K, used 4671K [0x00000000f5580000, 0x00000000fff80000, 0x0000000100000000)
  eden space 146432K, 0% used [0x00000000f5580000,0x00000000f5580000,0x00000000fe480000)
  from space 13824K, 33% used [0x00000000ff200000,0x00000000ff68fc48,0x00000000fff80000)
  to   space 13824K, 0% used [0x00000000fe480000,0x00000000fe480000,0x00000000ff200000)
 ParOldGen       total 158208K, used 59518K [0x00000000e0000000, 0x00000000e9a80000, 0x00000000f5580000)
  object space 158208K, 37% used [0x00000000e0000000,0x00000000e3a1f948,0x00000000e9a80000)
 Metaspace       used 49997K, capacity 55906K, committed 56192K, reserved 1097728K
  class space    used 6173K, capacity 8002K, committed 8064K, reserved 1048576K
}
Event: 12.538 GC heap before
{Heap before GC invocations=20 (full 3):
 PSYoungGen      total 160256K, used 151103K [0x00000000f5580000, 0x00000000fff80000, 0x0000000100000000)
  eden space 146432K, 100% used [0x00000000f5580000,0x00000000fe480000,0x00000000fe480000)
  from space 13824K, 33% used [0x00000000ff200000,0x00000000ff68fc48,0x00000000fff80000)
  to   space 13824K, 0% used [0x00000000fe480000,0x00000000fe480000,0x00000000ff200000)
 ParOldGen       total 158208K, used 59518K [0x00000000e0000000, 0x00000000e9a80000, 0x00000000f5580000)
  object space 158208K, 37% used [0x00000000e0000000,0x00000000e3a1f948,0x00000000e9a80000)
 Metaspace       used 53811K, capacity 60218K, committed 60288K, reserved 1101824K
  class space    used 6571K, capacity 8554K, committed 8576K, reserved 1048576K
Event: 12.555 GC heap after
Heap after GC invocations=20 (full 3):
 PSYoungGen      total 160256K, used 4658K [0x00000000f5580000, 0x00000000fff00000, 0x0000000100000000)
  eden space 146432K, 0% used [0x00000000f5580000,0x00000000f5580000,0x00000000fe480000)
  from space 13824K, 33% used [0x00000000fe480000,0x00000000fe90c870,0x00000000ff200000)
  to   space 13312K, 0% used [0x00000000ff200000,0x00000000ff200000,0x00000000fff00000)
 ParOldGen       total 158208K, used 62852K [0x00000000e0000000, 0x00000000e9a80000, 0x00000000f5580000)
  object space 158208K, 39% used [0x00000000e0000000,0x00000000e3d613d0,0x00000000e9a80000)
 Metaspace       used 53811K, capacity 60218K, committed 60288K, reserved 1101824K
  class space    used 6571K, capacity 8554K, committed 8576K, reserved 1048576K
}
Event: 13.569 GC heap before
{Heap before GC invocations=21 (full 3):
 PSYoungGen      total 160256K, used 151090K [0x00000000f5580000, 0x00000000fff00000, 0x0000000100000000)
  eden space 146432K, 100% used [0x00000000f5580000,0x00000000fe480000,0x00000000fe480000)
  from space 13824K, 33% used [0x00000000fe480000,0x00000000fe90c870,0x00000000ff200000)
  to   space 13312K, 0% used [0x00000000ff200000,0x00000000ff200000,0x00000000fff00000)
 ParOldGen       total 158208K, used 62852K [0x00000000e0000000, 0x00000000e9a80000, 0x00000000f5580000)
  object space 158208K, 39% used [0x00000000e0000000,0x00000000e3d613d0,0x00000000e9a80000)
 Metaspace       used 56458K, capacity 63230K, committed 63488K, reserved 1103872K
  class space    used 6847K, capacity 8916K, committed 8960K, reserved 1048576K
Event: 13.579 GC heap after
Heap after GC invocations=21 (full 3):
 PSYoungGen      total 160256K, used 3121K [0x00000000f5580000, 0x00000000fff80000, 0x0000000100000000)
  eden space 146944K, 0% used [0x00000000f5580000,0x00000000f5580000,0x00000000fe500000)
  from space 13312K, 23% used [0x00000000ff200000,0x00000000ff50c550,0x00000000fff00000)
  to   space 13312K, 0% used [0x00000000fe500000,0x00000000fe500000,0x00000000ff200000)
 ParOldGen       total 158208K, used 65304K [0x00000000e0000000, 0x00000000e9a80000, 0x00000000f5580000)
  object space 158208K, 41% used [0x00000000e0000000,0x00000000e3fc6190,0x00000000e9a80000)
 Metaspace       used 56458K, capacity 63230K, committed 63488K, reserved 1103872K
  class space    used 6847K, capacity 8916K, committed 8960K, reserved 1048576K
}
Event: 14.637 GC heap before
{Heap before GC invocations=22 (full 3):
 PSYoungGen      total 160256K, used 150065K [0x00000000f5580000, 0x00000000fff80000, 0x0000000100000000)
  eden space 146944K, 100% used [0x00000000f5580000,0x00000000fe500000,0x00000000fe500000)
  from space 13312K, 23% used [0x00000000ff200000,0x00000000ff50c550,0x00000000fff00000)
  to   space 13312K, 0% used [0x00000000fe500000,0x00000000fe500000,0x00000000ff200000)
 ParOldGen       total 158208K, used 65304K [0x00000000e0000000, 0x00000000e9a80000, 0x00000000f5580000)
  object space 158208K, 41% used [0x00000000e0000000,0x00000000e3fc6190,0x00000000e9a80000)
 Metaspace       used 58762K, capacity 65944K, committed 66048K, reserved 1105920K
  class space    used 7065K, capacity 9208K, committed 9216K, reserved 1048576K
Event: 14.654 GC heap after
Heap after GC invocations=22 (full 3):
 PSYoungGen      total 160256K, used 6273K [0x00000000f5580000, 0x00000000fff00000, 0x0000000100000000)
  eden space 146944K, 0% used [0x00000000f5580000,0x00000000f5580000,0x00000000fe500000)
  from space 13312K, 47% used [0x00000000fe500000,0x00000000feb20758,0x00000000ff200000)
  to   space 12800K, 0% used [0x00000000ff280000,0x00000000ff280000,0x00000000fff00000)
 ParOldGen       total 158208K, used 65312K [0x00000000e0000000, 0x00000000e9a80000, 0x00000000f5580000)
  object space 158208K, 41% used [0x00000000e0000000,0x00000000e3fc8190,0x00000000e9a80000)
 Metaspace       used 58762K, capacity 65944K, committed 66048K, reserved 1105920K
  class space    used 7065K, capacity 9208K, committed 9216K, reserved 1048576K
}
Event: 15.287 GC heap before
{Heap before GC invocations=23 (full 3):
 PSYoungGen      total 160256K, used 153217K [0x00000000f5580000, 0x00000000fff00000, 0x0000000100000000)
  eden space 146944K, 100% used [0x00000000f5580000,0x00000000fe500000,0x00000000fe500000)
  from space 13312K, 47% used [0x00000000fe500000,0x00000000feb20758,0x00000000ff200000)
  to   space 12800K, 0% used [0x00000000ff280000,0x00000000ff280000,0x00000000fff00000)
 ParOldGen       total 158208K, used 65312K [0x00000000e0000000, 0x00000000e9a80000, 0x00000000f5580000)
  object space 158208K, 41% used [0x00000000e0000000,0x00000000e3fc8190,0x00000000e9a80000)
 Metaspace       used 58926K, capacity 66296K, committed 66432K, reserved 1105920K
  class space    used 7074K, capacity 9224K, committed 9344K, reserved 1048576K
Event: 15.299 GC heap after
Heap after GC invocations=23 (full 3):
 PSYoungGen      total 160256K, used 8692K [0x00000000f5580000, 0x0000000100000000, 0x0000000100000000)
  eden space 147456K, 0% used [0x00000000f5580000,0x00000000f5580000,0x00000000fe580000)
  from space 12800K, 67% used [0x00000000ff280000,0x00000000ffafd010,0x00000000fff00000)
  to   space 13312K, 0% used [0x00000000fe580000,0x00000000fe580000,0x00000000ff280000)
 ParOldGen       total 158208K, used 65320K [0x00000000e0000000, 0x00000000e9a80000, 0x00000000f5580000)
  object space 158208K, 41% used [0x00000000e0000000,0x00000000e3fca190,0x00000000e9a80000)
 Metaspace       used 58926K, capacity 66296K, committed 66432K, reserved 1105920K
  class space    used 7074K, capacity 9224K, committed 9344K, reserved 1048576K
}

Deoptimization events (10 events):
Event: 13.985 Thread 0x000000001685a800 Uncommon trap: reason=class_check action=maybe_recompile pc=0x0000000003a430dc method=com.google.common.collect.ImmutableSet$RegularSetBuilderImpl.add(Ljava/lang/Object;)Lcom/google/common/collect/ImmutableSet$SetBuilderImpl; @ 6
Event: 13.986 Thread 0x000000001685a800 Uncommon trap: reason=unstable_if action=reinterpret pc=0x00000000037a3888 method=org.robolectric.internal.bytecode.MethodRef.equals(Ljava/lang/Object;)Z @ 2
Event: 13.997 Thread 0x000000001790e800 Uncommon trap: reason=bimorphic action=maybe_recompile pc=0x0000000003223f38 method=java.util.regex.Pattern$Start.<init>(Ljava/util/regex/Pattern$Node;)V @ 22
Event: 14.108 Thread 0x000000001790e800 Uncommon trap: reason=unstable_if action=reinterpret pc=0x0000000003e111d8 method=org.robolectric.res.android.ResTable_config.isBetterThan(Lorg/robolectric/res/android/ResTable_config;Lorg/robolectric/res/android/ResTable_config;)Z @ 898
Event: 14.162 Thread 0x000000001790e800 Uncommon trap: reason=unstable_if action=reinterpret pc=0x0000000003e0de5c method=org.robolectric.res.android.CppAssetManager2$Theme.SetTo(Lorg/robolectric/res/android/CppAssetManager2$Theme;)Z @ 53
Event: 14.162 Thread 0x000000001790e800 Uncommon trap: reason=unstable_if action=reinterpret pc=0x0000000003a9da5c method=org.robolectric.res.android.CppAssetManager2$Theme.SetTo(Lorg/robolectric/res/android/CppAssetManager2$Theme;)Z @ 53
Event: 14.296 Thread 0x000000001790e800 Uncommon trap: reason=unstable_if action=reinterpret pc=0x0000000003c157f8 method=org.robolectric.res.android.DynamicRefTable.lookupResourceId(Lorg/robolectric/res/android/Ref;)I @ 21
Event: 14.885 Thread 0x000000001790e800 Uncommon trap: reason=bimorphic action=maybe_recompile pc=0x0000000003223f38 method=java.util.regex.Pattern$Start.<init>(Ljava/util/regex/Pattern$Node;)V @ 22
Event: 15.000 Thread 0x000000001790e800 Uncommon trap: reason=unstable_if action=reinterpret pc=0x0000000003b84b88 method=org.robolectric.res.android.ResTable_config.match(Lorg/robolectric/res/android/ResTable_config;)Z @ 746
Event: 15.457 Thread 0x000000001790e800 Uncommon trap: reason=unstable_if action=reinterpret pc=0x00000000036d4d14 method=com.google.common.base.Objects.equal(Ljava/lang/Object;Ljava/lang/Object;)Z @ 2

Internal exceptions (10 events):
Event: 7.466 Thread 0x000000001790e800 Exception <a 'sun/nio/fs/WindowsException'> (0x00000000fa3354d8) thrown at [C:\re\workspace\8-2-build-windows-amd64-cygwin\jdk8u60\4407\hotspot\src\share\vm\prims\jni.cpp, line 709]
Event: 8.029 Thread 0x000000001790e800 Exception <a 'java/lang/NoSuchFieldError': method resolution failed> (0x00000000f9053328) thrown at [C:\re\workspace\8-2-build-windows-amd64-cygwin\jdk8u60\4407\hotspot\src\share\vm\prims\methodHandles.cpp, line 1146]
Event: 9.644 Thread 0x000000001790e800 Exception <a 'java/lang/NoSuchFieldError': method resolution failed> (0x00000000f78803b0) thrown at [C:\re\workspace\8-2-build-windows-amd64-cygwin\jdk8u60\4407\hotspot\src\share\vm\prims\methodHandles.cpp, line 1146]
Event: 10.897 Thread 0x000000001790e800 Exception <a 'java/io/FileNotFoundException'> (0x00000000f7f254a8) thrown at [C:\re\workspace\8-2-build-windows-amd64-cygwin\jdk8u60\4407\hotspot\src\share\vm\prims\jni.cpp, line 709]
Event: 10.948 Thread 0x000000001790e800 Implicit null exception at 0x000000000323f755 to 0x000000000323f951
Event: 11.736 Thread 0x000000001790e800 Implicit null exception at 0x0000000003340e98 to 0x0000000003340f26
Event: 12.075 Thread 0x000000001790e800 Exception <a 'java/lang/NoSuchMethodError': java.lang.Object.lambda$comparingDouble$8dcf42ea$1(Ljava/util/function/ToDoubleFunction;Ljava/lang/Object;Ljava/lang/Object;)I> (0x00000000fa9e5a80) thrown at [C:\re\workspace\8-2-build-windows-amd64-cygwin\jdk8ucÛý…y®+@
Event: 13.841 Thread 0x000000001790e800 Exception <a 'java/lang/NoSuchMethodError': java.lang.Object.lambda$get$0(Ljava/lang/Object;)V> (0x00000000f73c2178) thrown at [C:\re\workspace\8-2-build-windows-amd64-cygwin\jdk8u60\4407\hotspot\src\share\vm\interpreter\linkResolver.cpp, line 582]
Event: 14.158 Thread 0x000000001790e800 Exception <a 'sun/nio/fs/WindowsException'> (0x00000000f8d6a8a0) thrown at [C:\re\workspace\8-2-build-windows-amd64-cygwin\jdk8u60\4407\hotspot\src\share\vm\prims\jni.cpp, line 709]
Event: 15.009 Thread 0x000000001790e800 Exception <a 'sun/nio/fs/WindowsException'> (0x00000000f9945e28) thrown at [C:\re\workspace\8-2-build-windows-amd64-cygwin\jdk8u60\4407\hotspot\src\share\vm\prims\jni.cpp, line 709]

Events (10 events):
Event: 15.300 Executing VM operation: RevokeBias done
Event: 15.300 Executing VM operation: RevokeBias
Event: 15.300 Executing VM operation: RevokeBias done
Event: 15.300 Executing VM operation: RevokeBias
Event: 15.301 Executing VM operation: RevokeBias done
Event: 15.456 Thread 0x000000001790e800 Uncommon trap: trap_request=0xffffff65 fr.pc=0x00000000036d4d14
Event: 15.456 Executing VM operation: RevokeBias
Event: 15.457 Executing VM operation: RevokeBias done
Event: 15.457 Thread 0x000000001790e800 DEOPT PACKING pc=0x00000000036d4d14 sp=0x00000000188244d0
Event: 15.457 Thread 0x000000001790e800 DEOPT UNPACKING pc=0x000000000305582a sp=0x0000000018824360 mode 2


Dynamic libraries:
0x00007ff6ca020000 - 0x00007ff6ca057000 	C:\Program Files\Java\jdk1.8.0_60\bin\java.exe
0x00007ffca4f90000 - 0x00007ffca5185000 	C:\WINDOWS\SYSTEM32\ntdll.dll
0x00007ffca46a0000 - 0x00007ffca475d000 	C:\WINDOWS\System32\KERNEL32.DLL
0x00007ffca2930000 - 0x00007ffca2bf9000 	C:\WINDOWS\System32\KERNELBASE.dll
0x00007ffca3ca0000 - 0x00007ffca3d4c000 	C:\WINDOWS\System32\ADVAPI32.dll
0x00007ffca4760000 - 0x00007ffca47fe000 	C:\WINDOWS\System32\msvcrt.dll
0x00007ffca4e50000 - 0x00007ffca4eeb000 	C:\WINDOWS\System32\sechost.dll
0x00007ffca4910000 - 0x00007ffca4a3a000 	C:\WINDOWS\System32\RPCRT4.dll
0x00007ffca3120000 - 0x00007ffca32c0000 	C:\WINDOWS\System32\USER32.dll
0x00007ffca2e40000 - 0x00007ffca2e62000 	C:\WINDOWS\System32\win32u.dll
0x00007ffca30f0000 - 0x00007ffca311a000 	C:\WINDOWS\System32\GDI32.dll
0x00007ffca2fd0000 - 0x00007ffca30db000 	C:\WINDOWS\System32\gdi32full.dll
0x00007ffca2890000 - 0x00007ffca292d000 	C:\WINDOWS\System32\msvcp_win.dll
0x00007ffca2c00000 - 0x00007ffca2d00000 	C:\WINDOWS\System32\ucrtbase.dll
0x00007ffc90d90000 - 0x00007ffc9102a000 	C:\WINDOWS\WinSxS\amd64_microsoft.windows.common-controls_6595b64144ccf1df_6.0.19041.1110_none_60b5254171f9507e\COMCTL32.dll
0x00007ffca4880000 - 0x00007ffca48b0000 	C:\WINDOWS\System32\IMM32.DLL
0x000000005eba0000 - 0x000000005ec72000 	C:\Program Files\Java\jdk1.8.0_60\jre\bin\msvcr100.dll
0x000000005e310000 - 0x000000005eb99000 	C:\Program Files\Java\jdk1.8.0_60\jre\bin\server\jvm.dll
0x00007ffca3c90000 - 0x00007ffca3c98000 	C:\WINDOWS\System32\PSAPI.DLL
0x00007ffc94400000 - 0x00007ffc94427000 	C:\WINDOWS\SYSTEM32\WINMM.dll
0x00007ffc975a0000 - 0x00007ffc975aa000 	C:\WINDOWS\SYSTEM32\VERSION.dll
0x00007ffca0f60000 - 0x00007ffca0f69000 	C:\WINDOWS\SYSTEM32\WSOCK32.dll
0x00007ffca3d50000 - 0x00007ffca3dbb000 	C:\WINDOWS\System32\WS2_32.dll
0x000000005e300000 - 0x000000005e30f000 	C:\Program Files\Java\jdk1.8.0_60\jre\bin\verify.dll
0x000000005e2d0000 - 0x000000005e2f9000 	C:\Program Files\Java\jdk1.8.0_60\jre\bin\java.dll
0x000000005e2b0000 - 0x000000005e2c6000 	C:\Program Files\Java\jdk1.8.0_60\jre\bin\zip.dll
0x00007ffca32c0000 - 0x00007ffca39ff000 	C:\WINDOWS\System32\SHELL32.dll
0x00007ffca07a0000 - 0x00007ffca0f30000 	C:\WINDOWS\SYSTEM32\windows.storage.dll
0x00007ffca4a40000 - 0x00007ffca4d95000 	C:\WINDOWS\System32\combase.dll
0x00007ffca2140000 - 0x00007ffca216c000 	C:\WINDOWS\SYSTEM32\Wldp.dll
0x00007ffca4da0000 - 0x00007ffca4e4e000 	C:\WINDOWS\System32\SHCORE.dll
0x00007ffca4ef0000 - 0x00007ffca4f45000 	C:\WINDOWS\System32\shlwapi.dll
0x00007ffca26f0000 - 0x00007ffca270f000 	C:\WINDOWS\SYSTEM32\profapi.dll
0x000000005e290000 - 0x000000005e2aa000 	C:\Program Files\Java\jdk1.8.0_60\jre\bin\net.dll
0x00007ffca1ea0000 - 0x00007ffca1f0a000 	C:\WINDOWS\system32\mswsock.dll
0x000000005e270000 - 0x000000005e281000 	C:\Program Files\Java\jdk1.8.0_60\jre\bin\nio.dll
0x00007ffc8a140000 - 0x00007ffc8a157000 	C:\WINDOWS\system32\napinsp.dll
0x00007ffc892d0000 - 0x00007ffc892eb000 	C:\WINDOWS\system32\pnrpnsp.dll
0x00007ffc9c850000 - 0x00007ffc9c865000 	C:\WINDOWS\system32\wshbth.dll
0x00007ffc9dea0000 - 0x00007ffc9debd000 	C:\WINDOWS\system32\NLAapi.dll
0x00007ffca1b90000 - 0x00007ffca1bcb000 	C:\WINDOWS\SYSTEM32\IPHLPAPI.DLL
0x00007ffca1bd0000 - 0x00007ffca1c9c000 	C:\WINDOWS\SYSTEM32\DNSAPI.dll
0x00007ffca30e0000 - 0x00007ffca30e8000 	C:\WINDOWS\System32\NSI.dll
0x00007ffc88730000 - 0x00007ffc88742000 	C:\WINDOWS\System32\winrnr.dll
0x00007ffc91450000 - 0x00007ffc9145a000 	C:\Windows\System32\rasadhlp.dll
0x00007ffc919b0000 - 0x00007ffc91a2f000 	C:\WINDOWS\System32\fwpuclnt.dll
0x00007ffca2810000 - 0x00007ffca2837000 	C:\WINDOWS\System32\bcrypt.dll
0x00007ffca20a0000 - 0x00007ffca20b8000 	C:\WINDOWS\SYSTEM32\CRYPTSP.dll
0x00007ffca1820000 - 0x00007ffca1854000 	C:\WINDOWS\system32\rsaenh.dll
0x00007ffca26b0000 - 0x00007ffca26de000 	C:\WINDOWS\SYSTEM32\USERENV.dll
0x00007ffca2d00000 - 0x00007ffca2d83000 	C:\WINDOWS\System32\bcryptprimitives.dll
0x00007ffca2090000 - 0x00007ffca209c000 	C:\WINDOWS\SYSTEM32\CRYPTBASE.dll
0x00007ffc981f0000 - 0x00007ffc98207000 	C:\WINDOWS\SYSTEM32\dhcpcsvc6.DLL
0x00007ffc99570000 - 0x00007ffc9958d000 	C:\WINDOWS\SYSTEM32\dhcpcsvc.DLL
0x000000005e230000 - 0x000000005e254000 	C:\Program Files\Java\jdk1.8.0_60\jre\bin\sunec.dll
0x000000005ee60000 - 0x000000005ee6b000 	C:\Program Files\Java\jdk1.8.0_60\jre\bin\sunmscapi.dll
0x00007ffca2e70000 - 0x00007ffca2fcf000 	C:\WINDOWS\System32\CRYPT32.dll
0x000000005e090000 - 0x000000005e228000 	C:\Program Files\Java\jdk1.8.0_60\jre\bin\awt.dll
0x00007ffca3a00000 - 0x00007ffca3acd000 	C:\WINDOWS\System32\OLEAUT32.dll
0x00007ffc9fd20000 - 0x00007ffc9fdb0000 	C:\WINDOWS\SYSTEM32\apphelp.dll
0x00007ffc95170000 - 0x00007ffc95354000 	C:\WINDOWS\SYSTEM32\dbghelp.dll

VM Arguments:
jvm_args: -Djava.awt.headless=true -Djava.security.manager=worker.org.gradle.process.internal.worker.child.BootstrapSecurityManager -Dorg.gradle.native=false -Xmx512m -Dfile.encoding=UTF-8 -Duser.country=US -Duser.language=en -Duser.variant -ea 
java_command: worker.org.gradle.process.internal.worker.GradleWorkerMain 'Gradle Test Executor 11'
java_class_path (initial): C:\Users\reacts\.gradle\caches\6.7.1\workerMain\gradle-worker.jar
Launcher Type: SUN_STANDARD

Environment Variables:
JAVA_HOME=C:\Program Files\Java\jdk1.8.0_60
PATH=C:\xampp\php;C:\src\flutter\bin;C:\Program Files (x86)\NetSarang\Xshell 6\;C:\ProgramData\Oracle\Java\javapath;C:\WINDOWS\system32;C:\WINDOWS;C:\WINDOWS\System32\Wbem;C:\WINDOWS\System32\WindowsPowerShell\v1.0\;C:\Program Files\Java\jdk1.8.0_60\bin;C:\Program Files\Git\cmd;C:\ProgramData\ComposerSetup\bin;C:\Program Files\PuTTY\;C:\Program Files\nodejs\;C:\Program Files\Python\Python38-32;D:\gradle\gradle-6.2.2\bin;C:\WINDOWS\System32\OpenSSH\;C:\Program Files\MongoDB\Server\4.4\bin;C:\Users\reacts\AppData\Local\Android\Sdk\platform-tools;D:\HBase\hbase-2.4.0\bin;C:\Program Files (x86)\Microsoft SQL Server\150\Tools\Binn\;C:\Program Files\Microsoft SQL Server\150\Tools\Binn\;C:\Program Files (x86)\Microsoft SQL Server\150\DTS\Binn\;C:\Program Files\Microsoft SQL Server\150\DTS\Binn\;C:\Program Files\Microsoft SQL Server\Client SDK\ODBC\170\Tools\Binn\;C:\Program Files\Azure Data Studio\bin;C:\Program Files\Microsoft SQL Server\140\DTS\Binn\;C:\Program Files\Microsoft SQL Server\Client SDK\ODBC\130\Tools\Binn\;C:\Program Files (x86)\Microsoft SQL Server\140\Tools\Binn\;C:\Program Files\Microsoft SQL Server\140\Tools\Binn\;C:\src\flutter\bin\cache\dart-sdk\bin;C:\src\flutter\.pub-cache\bin;C:\Users\reacts\AppData\Roaming\Pub\Cache\bin;;C:\Program Files\NVIDIA Corporation\NVIDIA NvDLISR;C:\Users\reacts\AppData\Roaming\Composer\vendor\bin;C:\Users\reacts\AppData\Roaming\npm;C:\src\flutter\bin;C:\Program Files\Python\Python38-32;C:\Program Files\heroku\bin;C:\Users\reacts\AppData\Local\Microsoft\WindowsApps;C:\Users\reacts\Documents\hbase-2.2.6;C:\Program Files\Java\jdk1.8.0_60;C:\Program Files\Azure Data Studio\bin;C:\Users\reacts\AppData\Local\Programs\Microsoft VS Code\bin;C:\Users\reacts\AppData\Local\Google\Cloud SDK\google-cloud-sdk\bin;
USERNAME=reacts
OS=Windows_NT
PROCESSOR_IDENTIFIER=Intel64 Family 6 Model 61 Stepping 4, GenuineIntel



---------------  S Y S T E M  ---------------

OS: Windows 10.0 , 64 bit Build 19041 (10.0.19041.1151)

CPU:total 4 (2 cores per cpu, 2 threads per core) family 6 model 61 stepping 4, cmov, cx8, fxsr, mmx, sse, sse2, sse3, ssse3, sse4.1, sse4.2, popcnt, avx, avx2, aes, clmul, erms, 3dnowpref, lzcnt, ht, tsc, tscinvbit, bmi1, bmi2, adx

Memory: 4k page, physical 8285604k(360964k free), swap 28732836k(19570128k free)

vm_info: Java HotSpot(TM) 64-Bit Server VM (25.60-b23) for windows-amd64 JRE (1.8.0_60-b27), built on Aug  4 2015 11:06:27 by "java_re" with MS VC++ 10.0 (VS2010)

time: Tue Sep 07 18:51:50 2021
elapsed time: 15 seconds (0d 0h 0m 15s)

