#
# A fatal error has been detected by the Java Runtime Environment:
#
#  EXCEPTION_ACCESS_VIOLATION (0xc0000005) at pc=0x000000005e352bf8, pid=15056, tid=7536
#
# JRE version: Java(TM) SE Runtime Environment (8.0_60-b27) (build 1.8.0_60-b27)
# Java VM: Java HotSpot(TM) 64-Bit Server VM (25.60-b23 mixed mode windows-amd64 compressed oops)
# Problematic frame:
# V  [jvm.dll+0x42bf8]
#
# Failed to write core dump. Minidumps are not enabled by default on client versions of Windows
#
# If you would like to submit a bug report, please visit:
#   http://bugreport.java.com/bugreport/crash.jsp
#

---------------  T H R E A D  ---------------

Current thread (0x0000000015270000):  JavaThread "C1 CompilerThread2" daemon [_thread_in_vm, id=7536, stack(0x0000000015b90000,0x0000000015c90000)]

siginfo: ExceptionCode=0xc0000005, reading address 0xffffffffffffffff

Registers:
RAX=0x0000000015270000, RBX=0x00000000029cebb0, RCX=0x00000000029cebb0, RDX=0x00000000029cebb0
RSP=0x0000000015c8d120, RBP=0x0000000016dd1d00, RSI=0x00000000029cebb0, RDI=0x0000000000000000
R8 =0x48f0c0d3ffff0013, R9 =0x0000000000000000, R10=0x0000000016dd1f30, R11=0x000000001a093590
R12=0x0000000015270000, R13=0x0000000016dd1d00, R14=0x000000001789be30, R15=0x0000000000000000
RIP=0x000000005e352bf8, EFLAGS=0x0000000000010202

Top of Stack: (sp=0x0000000015c8d120)
0x0000000015c8d120:   00000000000000b6 0000000015c8f6d0
0x0000000015c8d130:   0000000000000000 0000000000000077
0x0000000015c8d140:   000000001c374dc8 0000000015c8f6d0
0x0000000015c8d150:   0000000015c8d230 000000005e33f425
0x0000000015c8d160:   00000000000000e7 000000005e352f89
0x0000000015c8d170:   0000000000000077 0000000000000077
0x0000000015c8d180:   0000000000000000 0000000000000000
0x0000000015c8d190:   00000000000000b6 000000001787f390
0x0000000015c8d1a0:   0000000015262490 000000005e35124b
0x0000000015c8d1b0:   0000000000000000 0000000015270000
0x0000000015c8d1c0:   000000001789d5f0 000000005e33c4af
0x0000000015c8d1d0:   0000000015270000 000000005e356570
0x0000000015c8d1e0:   0000000015270000 0000000015270000
0x0000000015c8d1f0:   000000001787f390 000000005e72b21b
0x0000000015c8d200:   0000000000000000 0000000000000000
0x0000000015c8d210:   000000001789d5f0 0000000000000000 

Instructions: (pc=0x000000005e352bf8)
0x000000005e352bd8:   00 48 8b da ff 15 0e 08 59 00 44 0f b6 05 9a 4c
0x000000005e352be8:   7a 00 4c 8b e0 45 84 c0 74 39 4c 8b 03 48 8b cb
0x000000005e352bf8:   41 ff 50 08 84 c0 74 2b 83 7b 08 00 7e 25 0f b6
0x000000005e352c08:   83 0e 01 00 00 c0 e8 03 a8 01 74 17 48 8b 03 48 


Register to memory mapping:

RAX=0x0000000015270000 is a thread
RBX=0x00000000029cebb0 is an unknown value
RCX=0x00000000029cebb0 is an unknown value
RDX=0x00000000029cebb0 is an unknown value
RSP=0x0000000015c8d120 is pointing into the stack for thread: 0x0000000015270000
RBP=0x0000000016dd1d00 is an unknown value
RSI=0x00000000029cebb0 is an unknown value
RDI=0x0000000000000000 is an unknown value
R8 =0x48f0c0d3ffff0013 is an unknown value
R9 =0x0000000000000000 is an unknown value
R10=0x0000000016dd1f30 is an unknown value
R11=0x000000001a093590 is an unknown value
R12=0x0000000015270000 is a thread
R13=0x0000000016dd1d00 is an unknown value
R14=0x000000001789be30 is an unknown value
R15=0x0000000000000000 is an unknown value


Stack: [0x0000000015b90000,0x0000000015c90000],  sp=0x0000000015c8d120,  free space=1012k
Native frames: (J=compiled Java code, j=interpreted, Vv=VM code, C=native code)
V  [jvm.dll+0x42bf8]
V  [jvm.dll+0x42f89]
V  [jvm.dll+0x4124b]
V  [jvm.dll+0x41b21b]
V  [jvm.dll+0x415ffa]
V  [jvm.dll+0x418e47]
V  [jvm.dll+0x41960b]
V  [jvm.dll+0x41a527]
V  [jvm.dll+0x41a788]
V  [jvm.dll+0x41abbb]
V  [jvm.dll+0x41a715]
V  [jvm.dll+0x41645b]
V  [jvm.dll+0x418e47]
V  [jvm.dll+0x41960b]
V  [jvm.dll+0x41a527]
V  [jvm.dll+0x41a788]
V  [jvm.dll+0x41abbb]
V  [jvm.dll+0x41a715]
V  [jvm.dll+0x41645b]
V  [jvm.dll+0x418e47]
V  [jvm.dll+0x41973d]
V  [jvm.dll+0x41a527]
V  [jvm.dll+0x41a788]
V  [jvm.dll+0x41abbb]
V  [jvm.dll+0x41a715]
V  [jvm.dll+0x41645b]
V  [jvm.dll+0x418e47]
V  [jvm.dll+0x41960b]
V  [jvm.dll+0x41a527]
V  [jvm.dll+0x41a788]
V  [jvm.dll+0x41abbb]
V  [jvm.dll+0x41a715]
V  [jvm.dll+0x41645b]
V  [jvm.dll+0x418e47]
V  [jvm.dll+0x41973d]
V  [jvm.dll+0x41a527]
V  [jvm.dll+0x41a788]
V  [jvm.dll+0x41abbb]
V  [jvm.dll+0x41a715]
V  [jvm.dll+0x41645b]
V  [jvm.dll+0x418e47]
V  [jvm.dll+0x41960b]
V  [jvm.dll+0x41a527]
V  [jvm.dll+0x41a788]
V  [jvm.dll+0x41645b]
V  [jvm.dll+0x418e47]
V  [jvm.dll+0x41960b]
V  [jvm.dll+0x41a527]
V  [jvm.dll+0x41a788]
V  [jvm.dll+0x41645b]
V  [jvm.dll+0x418e47]
V  [jvm.dll+0x41973d]
V  [jvm.dll+0x419b32]
V  [jvm.dll+0x41ec25]
V  [jvm.dll+0x41ed30]
V  [jvm.dll+0x408bd8]
V  [jvm.dll+0x408e41]
V  [jvm.dll+0x409002]
V  [jvm.dll+0x4091d1]
V  [jvm.dll+0x4093df]
V  [jvm.dll+0xa4662]
V  [jvm.dll+0xa4f9f]
V  [jvm.dll+0x243134]
V  [jvm.dll+0x299f6a]
C  [msvcr100.dll+0x21d9f]
C  [msvcr100.dll+0x21e3b]
C  [KERNEL32.DLL+0x17034]
C  [ntdll.dll+0x52651]


Current CompileTask:
C1:  16249 6063       3       android.content.res.TypedArray::$$robo$$android_content_res_TypedArray$loadStringValueAt (51 bytes)


---------------  P R O C E S S  ---------------

Java Threads: ( => current thread )
  0x000000001736a800 JavaThread "Java2D Disposer" daemon [_thread_blocked, id=12884, stack(0x000000001ce60000,0x000000001cf60000)]
  0x00000000172fe800 JavaThread "SDK 28 Main Thread" [_thread_in_Java, id=14220, stack(0x00000000181a0000,0x00000000182a0000)]
  0x0000000016269800 JavaThread "/192.168.1.6:63813 to /0.0.0.0:63812 workers Thread 3" [_thread_in_native, id=15304, stack(0x0000000017ca0000,0x0000000017da0000)]
  0x0000000016264000 JavaThread "/192.168.1.6:63813 to /0.0.0.0:63812 workers Thread 2" [_thread_blocked, id=11812, stack(0x0000000017ba0000,0x0000000017ca0000)]
  0x00000000163b3800 JavaThread "Test worker" [_thread_blocked, id=3652, stack(0x0000000017aa0000,0x0000000017ba0000)]
  0x00000000152ef800 JavaThread "Service Thread" daemon [_thread_blocked, id=10716, stack(0x0000000015c90000,0x0000000015d90000)]
=>0x0000000015270000 JavaThread "C1 CompilerThread2" daemon [_thread_in_vm, id=7536, stack(0x0000000015b90000,0x0000000015c90000)]
  0x0000000013e4d000 JavaThread "C2 CompilerThread1" daemon [_thread_blocked, id=8064, stack(0x0000000015a90000,0x0000000015b90000)]
  0x0000000013e4c800 JavaThread "C2 CompilerThread0" daemon [_thread_blocked, id=13996, stack(0x0000000015990000,0x0000000015a90000)]
  0x0000000015269000 JavaThread "Attach Listener" daemon [_thread_blocked, id=3816, stack(0x0000000015890000,0x0000000015990000)]
  0x0000000015268800 JavaThread "Signal Dispatcher" daemon [_thread_blocked, id=9720, stack(0x0000000015790000,0x0000000015890000)]
  0x0000000002a77000 JavaThread "Finalizer" daemon [_thread_blocked, id=6996, stack(0x0000000015050000,0x0000000015150000)]
  0x0000000002a6e000 JavaThread "Reference Handler" daemon [_thread_blocked, id=3420, stack(0x0000000014f50000,0x0000000015050000)]
  0x000000000273e000 JavaThread "main" [_thread_blocked, id=4116, stack(0x0000000002880000,0x0000000002980000)]

Other Threads:
  0x0000000013db8000 VMThread [stack: 0x0000000014e50000,0x0000000014f50000] [id=4436]
  0x0000000015356000 WatcherThread [stack: 0x0000000015d90000,0x0000000015e90000] [id=3516]

VM state:not at safepoint (normal execution)

VM Mutex/Monitor currently owned by a thread: None

Heap:
 PSYoungGen      total 150528K, used 52593K [0x00000000f5580000, 0x0000000100000000, 0x0000000100000000)
  eden space 135680K, 27% used [0x00000000f5580000,0x00000000f7a5ead0,0x00000000fda00000)
  from space 14848K, 99% used [0x00000000ff180000,0x00000000ffffdbb0,0x0000000100000000)
  to   space 19456K, 0% used [0x00000000fda00000,0x00000000fda00000,0x00000000fed00000)
 ParOldGen       total 161792K, used 64431K [0x00000000e0000000, 0x00000000e9e00000, 0x00000000f5580000)
  object space 161792K, 39% used [0x00000000e0000000,0x00000000e3eebdb8,0x00000000e9e00000)
 Metaspace       used 59241K, capacity 66798K, committed 66904K, reserved 1107968K
  class space    used 7091K, capacity 9275K, committed 9304K, reserved 1048576K

Card table byte_map: [0x0000000011e40000,0x0000000011f50000] byte_map_base: 0x0000000011740000

Marking Bits: (ParMarkBitMap*) 0x000000005eb1a5b0
 Begin Bits: [0x0000000012350000, 0x0000000012b50000)
 End Bits:   [0x0000000012b50000, 0x0000000013350000)

Polling page: 0x0000000001010000

CodeCache: size=245760Kb used=17201Kb max_used=17212Kb free=228558Kb
 bounds [0x0000000002a80000, 0x0000000003b60000, 0x0000000011a80000]
 total_blobs=6391 nmethods=5114 adapters=1189
 compilation: enabled

Compilation events (10 events):
Event: 16.162 Thread 0x0000000015270000 nmethod 6067 0x0000000003b3e590 code [0x0000000003b3e740, 0x0000000003b3f248]
Event: 16.162 Thread 0x0000000015270000 6066       3       java.lang.invoke.LambdaForm$MH/604735055::guard (109 bytes)
Event: 16.163 Thread 0x0000000015270000 nmethod 6066 0x0000000003b5b3d0 code [0x0000000003b5b5e0, 0x0000000003b5c5a8]
Event: 16.163 Thread 0x0000000015270000 6068       3       java.lang.invoke.LambdaForm$DMH/1847813393::invokeSpecial_L4_V (20 bytes)
Event: 16.163 Thread 0x0000000015270000 nmethod 6068 0x0000000003b5a810 code [0x0000000003b5a9a0, 0x0000000003b5aed8]
Event: 16.163 Thread 0x0000000015270000 6069   !   3       java.lang.invoke.LambdaForm$MH/1391135296::guardWithCatch (71 bytes)
Event: 16.163 Thread 0x0000000015270000 nmethod 6069 0x0000000003b59990 code [0x0000000003b59b40, 0x0000000003b5a588]
Event: 16.163 Thread 0x0000000015270000 6070       3       java.lang.Long::equals (30 bytes)
Event: 16.164 Thread 0x0000000015270000 nmethod 6070 0x0000000003b3dd90 code [0x0000000003b3df00, 0x0000000003b3e3d0]
Event: 16.164 Thread 0x0000000015270000 6063       3       android.content.res.TypedArray::$$robo$$android_content_res_TypedArray$loadStringValueAt (51 bytes)

GC Heap History (10 events):
Event: 13.340 GC heap before
{Heap before GC invocations=19 (full 3):
 PSYoungGen      total 159232K, used 149549K [0x00000000f5580000, 0x0000000100000000, 0x0000000100000000)
  eden space 145408K, 100% used [0x00000000f5580000,0x00000000fe380000,0x00000000fe380000)
  from space 13824K, 29% used [0x00000000fe380000,0x00000000fe78b428,0x00000000ff100000)
  to   space 13824K, 0% used [0x00000000ff280000,0x00000000ff280000,0x0000000100000000)
 ParOldGen       total 161792K, used 61100K [0x00000000e0000000, 0x00000000e9e00000, 0x00000000f5580000)
  object space 161792K, 37% used [0x00000000e0000000,0x00000000e3bab1e8,0x00000000e9e00000)
 Metaspace       used 53077K, capacity 59542K, committed 59736K, reserved 1099776K
  class space    used 6524K, capacity 8522K, committed 8536K, reserved 1048576K
Event: 13.354 GC heap after
Heap after GC invocations=19 (full 3):
 PSYoungGen      total 159744K, used 7822K [0x00000000f5580000, 0x00000000fff00000, 0x0000000100000000)
  eden space 146944K, 0% used [0x00000000f5580000,0x00000000f5580000,0x00000000fe500000)
  from space 12800K, 61% used [0x00000000ff280000,0x00000000ffa23a50,0x00000000fff00000)
  to   space 13312K, 0% used [0x00000000fe500000,0x00000000fe500000,0x00000000ff200000)
 ParOldGen       total 161792K, used 61108K [0x00000000e0000000, 0x00000000e9e00000, 0x00000000f5580000)
  object space 161792K, 37% used [0x00000000e0000000,0x00000000e3bad1e8,0x00000000e9e00000)
 Metaspace       used 53077K, capacity 59542K, committed 59736K, reserved 1099776K
  class space    used 6524K, capacity 8522K, committed 8536K, reserved 1048576K
}
Event: 14.112 GC heap before
{Heap before GC invocations=20 (full 3):
 PSYoungGen      total 159744K, used 154766K [0x00000000f5580000, 0x00000000fff00000, 0x0000000100000000)
  eden space 146944K, 100% used [0x00000000f5580000,0x00000000fe500000,0x00000000fe500000)
  from space 12800K, 61% used [0x00000000ff280000,0x00000000ffa23a50,0x00000000fff00000)
  to   space 13312K, 0% used [0x00000000fe500000,0x00000000fe500000,0x00000000ff200000)
 ParOldGen       total 161792K, used 61108K [0x00000000e0000000, 0x00000000e9e00000, 0x00000000f5580000)
  object space 161792K, 37% used [0x00000000e0000000,0x00000000e3bad1e8,0x00000000e9e00000)
 Metaspace       used 56224K, capacity 62934K, committed 63192K, reserved 1103872K
  class space    used 6815K, capacity 8884K, committed 8920K, reserved 1048576K
Event: 14.127 GC heap after
Heap after GC invocations=20 (full 3):
 PSYoungGen      total 160256K, used 8591K [0x00000000f5580000, 0x0000000100000000, 0x0000000100000000)
  eden space 146944K, 0% used [0x00000000f5580000,0x00000000f5580000,0x00000000fe500000)
  from space 13312K, 64% used [0x00000000fe500000,0x00000000fed63fe0,0x00000000ff200000)
  to   space 13312K, 0% used [0x00000000ff300000,0x00000000ff300000,0x0000000100000000)
 ParOldGen       total 161792K, used 61108K [0x00000000e0000000, 0x00000000e9e00000, 0x00000000f5580000)
  object space 161792K, 37% used [0x00000000e0000000,0x00000000e3bad1e8,0x00000000e9e00000)
 Metaspace       used 56224K, capacity 62934K, committed 63192K, reserved 1103872K
  class space    used 6815K, capacity 8884K, committed 8920K, reserved 1048576K
}
Event: 14.938 GC heap before
{Heap before GC invocations=21 (full 3):
 PSYoungGen      total 160256K, used 155535K [0x00000000f5580000, 0x0000000100000000, 0x0000000100000000)
  eden space 146944K, 100% used [0x00000000f5580000,0x00000000fe500000,0x00000000fe500000)
  from space 13312K, 64% used [0x00000000fe500000,0x00000000fed63fe0,0x00000000ff200000)
  to   space 13312K, 0% used [0x00000000ff300000,0x00000000ff300000,0x0000000100000000)
 ParOldGen       total 161792K, used 61108K [0x00000000e0000000, 0x00000000e9e00000, 0x00000000f5580000)
  object space 161792K, 37% used [0x00000000e0000000,0x00000000e3bad1e8,0x00000000e9e00000)
 Metaspace       used 58719K, capacity 65808K, committed 66136K, reserved 1105920K
  class space    used 7060K, capacity 9204K, committed 9304K, reserved 1048576K
Event: 14.966 GC heap after
Heap after GC invocations=21 (full 3):
 PSYoungGen      total 158208K, used 12539K [0x00000000f5580000, 0x0000000100000000, 0x0000000100000000)
  eden space 144896K, 0% used [0x00000000f5580000,0x00000000f5580000,0x00000000fe300000)
  from space 13312K, 94% used [0x00000000ff300000,0x00000000fff3ed90,0x0000000100000000)
  to   space 14848K, 0% used [0x00000000fe300000,0x00000000fe300000,0x00000000ff180000)
 ParOldGen       total 161792K, used 61116K [0x00000000e0000000, 0x00000000e9e00000, 0x00000000f5580000)
  object space 161792K, 37% used [0x00000000e0000000,0x00000000e3baf1e8,0x00000000e9e00000)
 Metaspace       used 58719K, capacity 65808K, committed 66136K, reserved 1105920K
  class space    used 7060K, capacity 9204K, committed 9304K, reserved 1048576K
}
Event: 15.546 GC heap before
{Heap before GC invocations=22 (full 3):
 PSYoungGen      total 158208K, used 157435K [0x00000000f5580000, 0x0000000100000000, 0x0000000100000000)
  eden space 144896K, 100% used [0x00000000f5580000,0x00000000fe300000,0x00000000fe300000)
  from space 13312K, 94% used [0x00000000ff300000,0x00000000fff3ed90,0x0000000100000000)
  to   space 14848K, 0% used [0x00000000fe300000,0x00000000fe300000,0x00000000ff180000)
 ParOldGen       total 161792K, used 61116K [0x00000000e0000000, 0x00000000e9e00000, 0x00000000f5580000)
  object space 161792K, 37% used [0x00000000e0000000,0x00000000e3baf1e8,0x00000000e9e00000)
 Metaspace       used 59068K, capacity 66494K, committed 66648K, reserved 1105920K
  class space    used 7079K, capacity 9255K, committed 9304K, reserved 1048576K
Event: 15.563 GC heap after
Heap after GC invocations=22 (full 3):
 PSYoungGen      total 159744K, used 14582K [0x00000000f5580000, 0x0000000100000000, 0x0000000100000000)
  eden space 144896K, 0% used [0x00000000f5580000,0x00000000f5580000,0x00000000fe300000)
  from space 14848K, 98% used [0x00000000fe300000,0x00000000ff13dbb0,0x00000000ff180000)
  to   space 14848K, 0% used [0x00000000ff180000,0x00000000ff180000,0x0000000100000000)
 ParOldGen       total 161792K, used 61124K [0x00000000e0000000, 0x00000000e9e00000, 0x00000000f5580000)
  object space 161792K, 37% used [0x00000000e0000000,0x00000000e3bb11e8,0x00000000e9e00000)
 Metaspace       used 59068K, capacity 66494K, committed 66648K, reserved 1105920K
  class space    used 7079K, capacity 9255K, committed 9304K, reserved 1048576K
}
Event: 16.098 GC heap before
{Heap before GC invocations=23 (full 3):
 PSYoungGen      total 159744K, used 159478K [0x00000000f5580000, 0x0000000100000000, 0x0000000100000000)
  eden space 144896K, 100% used [0x00000000f5580000,0x00000000fe300000,0x00000000fe300000)
  from space 14848K, 98% used [0x00000000fe300000,0x00000000ff13dbb0,0x00000000ff180000)
  to   space 14848K, 0% used [0x00000000ff180000,0x00000000ff180000,0x0000000100000000)
 ParOldGen       total 161792K, used 61124K [0x00000000e0000000, 0x00000000e9e00000, 0x00000000f5580000)
  object space 161792K, 37% used [0x00000000e0000000,0x00000000e3bb11e8,0x00000000e9e00000)
 Metaspace       used 59224K, capacity 66764K, committed 66904K, reserved 1107968K
  class space    used 7088K, capacity 9268K, committed 9304K, reserved 1048576K
Event: 16.121 GC heap after
Heap after GC invocations=23 (full 3):
 PSYoungGen      total 150528K, used 14838K [0x00000000f5580000, 0x0000000100000000, 0x0000000100000000)
  eden space 135680K, 0% used [0x00000000f5580000,0x00000000f5580000,0x00000000fda00000)
  from space 14848K, 99% used [0x00000000ff180000,0x00000000ffffdbb0,0x0000000100000000)
  to   space 19456K, 0% used [0x00000000fda00000,0x00000000fda00000,0x00000000fed00000)
 ParOldGen       total 161792K, used 64431K [0x00000000e0000000, 0x00000000e9e00000, 0x00000000f5580000)
  object space 161792K, 39% used [0x00000000e0000000,0x00000000e3eebdb8,0x00000000e9e00000)
 Metaspace       used 59224K, capacity 66764K, committed 66904K, reserved 1107968K
  class space    used 7088K, capacity 9268K, committed 9304K, reserved 1048576K
}

Deoptimization events (10 events):
Event: 14.594 Thread 0x00000000163b3800 Uncommon trap: reason=class_check action=maybe_recompile pc=0x0000000002e68a1c method=com.google.common.collect.ImmutableSet$RegularSetBuilderImpl.add(Ljava/lang/Object;)Lcom/google/common/collect/ImmutableSet$SetBuilderImpl; @ 6
Event: 14.596 Thread 0x00000000163b3800 Uncommon trap: reason=unstable_if action=reinterpret pc=0x00000000030c1294 method=org.robolectric.internal.bytecode.MethodRef.equals(Ljava/lang/Object;)Z @ 2
Event: 14.599 Thread 0x00000000172fe800 Uncommon trap: reason=bimorphic action=maybe_recompile pc=0x0000000003533e38 method=java.util.regex.Pattern$Start.<init>(Ljava/util/regex/Pattern$Node;)V @ 22
Event: 14.607 Thread 0x00000000172fe800 Uncommon trap: reason=unstable_if action=reinterpret pc=0x000000000385ea90 method=java.util.Arrays.equals([B[B)Z @ 41
Event: 14.620 Thread 0x00000000172fe800 Uncommon trap: reason=unstable_if action=reinterpret pc=0x000000000392f40c method=org.robolectric.res.android.ResTable_config.isBetterThan(Lorg/robolectric/res/android/ResTable_config;Lorg/robolectric/res/android/ResTable_config;)Z @ 898
Event: 15.299 Thread 0x00000000172fe800 Uncommon trap: reason=bimorphic action=maybe_recompile pc=0x0000000003533e38 method=java.util.regex.Pattern$Start.<init>(Ljava/util/regex/Pattern$Node;)V @ 22
Event: 15.787 Thread 0x00000000172fe800 Uncommon trap: reason=unstable_if action=reinterpret pc=0x0000000002cc1194 method=com.google.common.base.Objects.equal(Ljava/lang/Object;Ljava/lang/Object;)Z @ 2
Event: 15.787 Thread 0x00000000172fe800 Uncommon trap: reason=unstable_if action=reinterpret pc=0x0000000003104774 method=com.google.common.base.Objects.equal(Ljava/lang/Object;Ljava/lang/Object;)Z @ 2
Event: 15.827 Thread 0x00000000172fe800 Uncommon trap: reason=bimorphic action=maybe_recompile pc=0x0000000003533e38 method=java.util.regex.Pattern$Start.<init>(Ljava/util/regex/Pattern$Node;)V @ 22
Event: 15.854 Thread 0x00000000172fe800 Uncommon trap: reason=unstable_if action=reinterpret pc=0x00000000030d70a0 method=com.google.common.base.Objects.equal(Ljava/lang/Object;Ljava/lang/Object;)Z @ 2

Internal exceptions (10 events):
Event: 11.797 Thread 0x00000000172fe800 Exception <a 'java/io/FileNotFoundException'> (0x00000000f94f3b50) thrown at [C:\re\workspace\8-2-build-windows-amd64-cygwin\jdk8u60\4407\hotspot\src\share\vm\prims\jni.cpp, line 709]
Event: 11.857 Thread 0x00000000172fe800 Implicit null exception at 0x0000000002cb8795 to 0x0000000002cb8991
Event: 12.736 Thread 0x00000000172fe800 Implicit null exception at 0x000000000369fb7d to 0x000000000369ffd9
Event: 12.867 Thread 0x00000000172fe800 Implicit null exception at 0x0000000002daebd8 to 0x0000000002daec66
Event: 13.127 Thread 0x00000000172fe800 Exception <a 'java/lang/NoSuchMethodError': java.lang.Object.lambda$comparingDouble$8dcf42ea$1(Ljava/util/function/ToDoubleFunction;Ljava/lang/Object;Ljava/lang/Object;)I> (0x00000000fc0ceb98) thrown at [C:\re\workspace\8-2-build-windows-amd64-cygwin\jdk8uC‰Ù°,@
Event: 14.316 Thread 0x00000000172fe800 Implicit null exception at 0x00000000036579d7 to 0x0000000003657aac
Event: 14.450 Thread 0x00000000172fe800 Exception <a 'java/lang/NoSuchMethodError': java.lang.Object.lambda$get$0(Ljava/lang/Object;)V> (0x00000000f8c0a678) thrown at [C:\re\workspace\8-2-build-windows-amd64-cygwin\jdk8u60\4407\hotspot\src\share\vm\interpreter\linkResolver.cpp, line 582]
Event: 14.658 Thread 0x00000000172fe800 Exception <a 'sun/nio/fs/WindowsException'> (0x00000000fa5b61a8) thrown at [C:\re\workspace\8-2-build-windows-amd64-cygwin\jdk8u60\4407\hotspot\src\share\vm\prims\jni.cpp, line 709]
Event: 15.323 Thread 0x00000000172fe800 Exception <a 'sun/nio/fs/WindowsException'> (0x00000000fa66b108) thrown at [C:\re\workspace\8-2-build-windows-amd64-cygwin\jdk8u60\4407\hotspot\src\share\vm\prims\jni.cpp, line 709]
Event: 15.849 Thread 0x00000000172fe800 Exception <a 'sun/nio/fs/WindowsException'> (0x00000000fa438180) thrown at [C:\re\workspace\8-2-build-windows-amd64-cygwin\jdk8u60\4407\hotspot\src\share\vm\prims\jni.cpp, line 709]

Events (10 events):
Event: 15.847 Thread 0x00000000172fe800 DEOPT UNPACKING pc=0x0000000002ac787f sp=0x000000001829c2e0 mode 0
Event: 15.854 Thread 0x00000000172fe800 Uncommon trap: trap_request=0xffffff65 fr.pc=0x00000000030d70a0
Event: 15.854 Thread 0x00000000172fe800 DEOPT PACKING pc=0x00000000030d70a0 sp=0x000000001829c140
Event: 15.854 Thread 0x00000000172fe800 DEOPT UNPACKING pc=0x0000000002ac582a sp=0x000000001829c080 mode 2
Event: 16.098 Executing VM operation: ParallelGCFailedAllocation
Event: 16.121 Executing VM operation: ParallelGCFailedAllocation done
Event: 16.121 Executing VM operation: RevokeBias
Event: 16.122 Executing VM operation: RevokeBias done
Event: 16.122 Executing VM operation: RevokeBias
Event: 16.122 Executing VM operation: RevokeBias done


Dynamic libraries:
0x00007ff6ca020000 - 0x00007ff6ca057000 	C:\Program Files\Java\jdk1.8.0_60\bin\java.exe
0x00007ffca4f90000 - 0x00007ffca5185000 	C:\WINDOWS\SYSTEM32\ntdll.dll
0x00007ffca46a0000 - 0x00007ffca475d000 	C:\WINDOWS\System32\KERNEL32.DLL
0x00007ffca2930000 - 0x00007ffca2bf9000 	C:\WINDOWS\System32\KERNELBASE.dll
0x00007ffca3ca0000 - 0x00007ffca3d4c000 	C:\WINDOWS\System32\ADVAPI32.dll
0x00007ffca4760000 - 0x00007ffca47fe000 	C:\WINDOWS\System32\msvcrt.dll
0x00007ffca4e50000 - 0x00007ffca4eeb000 	C:\WINDOWS\System32\sechost.dll
0x00007ffca4910000 - 0x00007ffca4a3a000 	C:\WINDOWS\System32\RPCRT4.dll
0x00007ffca3120000 - 0x00007ffca32c0000 	C:\WINDOWS\System32\USER32.dll
0x00007ffca2e40000 - 0x00007ffca2e62000 	C:\WINDOWS\System32\win32u.dll
0x00007ffca30f0000 - 0x00007ffca311a000 	C:\WINDOWS\System32\GDI32.dll
0x00007ffca2fd0000 - 0x00007ffca30db000 	C:\WINDOWS\System32\gdi32full.dll
0x00007ffca2890000 - 0x00007ffca292d000 	C:\WINDOWS\System32\msvcp_win.dll
0x00007ffca2c00000 - 0x00007ffca2d00000 	C:\WINDOWS\System32\ucrtbase.dll
0x00007ffc90d90000 - 0x00007ffc9102a000 	C:\WINDOWS\WinSxS\amd64_microsoft.windows.common-controls_6595b64144ccf1df_6.0.19041.1110_none_60b5254171f9507e\COMCTL32.dll
0x00007ffca4880000 - 0x00007ffca48b0000 	C:\WINDOWS\System32\IMM32.DLL
0x000000005eba0000 - 0x000000005ec72000 	C:\Program Files\Java\jdk1.8.0_60\jre\bin\msvcr100.dll
0x000000005e310000 - 0x000000005eb99000 	C:\Program Files\Java\jdk1.8.0_60\jre\bin\server\jvm.dll
0x00007ffca3c90000 - 0x00007ffca3c98000 	C:\WINDOWS\System32\PSAPI.DLL
0x00007ffc94400000 - 0x00007ffc94427000 	C:\WINDOWS\SYSTEM32\WINMM.dll
0x00007ffca0f60000 - 0x00007ffca0f69000 	C:\WINDOWS\SYSTEM32\WSOCK32.dll
0x00007ffca3d50000 - 0x00007ffca3dbb000 	C:\WINDOWS\System32\WS2_32.dll
0x00007ffc975a0000 - 0x00007ffc975aa000 	C:\WINDOWS\SYSTEM32\VERSION.dll
0x000000005e300000 - 0x000000005e30f000 	C:\Program Files\Java\jdk1.8.0_60\jre\bin\verify.dll
0x000000005e2d0000 - 0x000000005e2f9000 	C:\Program Files\Java\jdk1.8.0_60\jre\bin\java.dll
0x000000005e2b0000 - 0x000000005e2c6000 	C:\Program Files\Java\jdk1.8.0_60\jre\bin\zip.dll
0x00007ffca32c0000 - 0x00007ffca39ff000 	C:\WINDOWS\System32\SHELL32.dll
0x00007ffca07a0000 - 0x00007ffca0f30000 	C:\WINDOWS\SYSTEM32\windows.storage.dll
0x00007ffca4a40000 - 0x00007ffca4d95000 	C:\WINDOWS\System32\combase.dll
0x00007ffca2140000 - 0x00007ffca216c000 	C:\WINDOWS\SYSTEM32\Wldp.dll
0x00007ffca4da0000 - 0x00007ffca4e4e000 	C:\WINDOWS\System32\SHCORE.dll
0x00007ffca4ef0000 - 0x00007ffca4f45000 	C:\WINDOWS\System32\shlwapi.dll
0x00007ffca26f0000 - 0x00007ffca270f000 	C:\WINDOWS\SYSTEM32\profapi.dll
0x000000005e290000 - 0x000000005e2aa000 	C:\Program Files\Java\jdk1.8.0_60\jre\bin\net.dll
0x00007ffca1ea0000 - 0x00007ffca1f0a000 	C:\WINDOWS\system32\mswsock.dll
0x000000005e270000 - 0x000000005e281000 	C:\Program Files\Java\jdk1.8.0_60\jre\bin\nio.dll
0x00007ffc8a140000 - 0x00007ffc8a157000 	C:\WINDOWS\system32\napinsp.dll
0x00007ffc892d0000 - 0x00007ffc892eb000 	C:\WINDOWS\system32\pnrpnsp.dll
0x00007ffc9c850000 - 0x00007ffc9c865000 	C:\WINDOWS\system32\wshbth.dll
0x00007ffc9dea0000 - 0x00007ffc9debd000 	C:\WINDOWS\system32\NLAapi.dll
0x00007ffca1b90000 - 0x00007ffca1bcb000 	C:\WINDOWS\SYSTEM32\IPHLPAPI.DLL
0x00007ffca1bd0000 - 0x00007ffca1c9c000 	C:\WINDOWS\SYSTEM32\DNSAPI.dll
0x00007ffca30e0000 - 0x00007ffca30e8000 	C:\WINDOWS\System32\NSI.dll
0x00007ffc88730000 - 0x00007ffc88742000 	C:\WINDOWS\System32\winrnr.dll
0x00007ffc91450000 - 0x00007ffc9145a000 	C:\Windows\System32\rasadhlp.dll
0x00007ffc919b0000 - 0x00007ffc91a2f000 	C:\WINDOWS\System32\fwpuclnt.dll
0x00007ffca2810000 - 0x00007ffca2837000 	C:\WINDOWS\System32\bcrypt.dll
0x00007ffca20a0000 - 0x00007ffca20b8000 	C:\WINDOWS\SYSTEM32\CRYPTSP.dll
0x00007ffca1820000 - 0x00007ffca1854000 	C:\WINDOWS\system32\rsaenh.dll
0x00007ffca26b0000 - 0x00007ffca26de000 	C:\WINDOWS\SYSTEM32\USERENV.dll
0x00007ffca2d00000 - 0x00007ffca2d83000 	C:\WINDOWS\System32\bcryptprimitives.dll
0x00007ffca2090000 - 0x00007ffca209c000 	C:\WINDOWS\SYSTEM32\CRYPTBASE.dll
0x00007ffc981f0000 - 0x00007ffc98207000 	C:\WINDOWS\SYSTEM32\dhcpcsvc6.DLL
0x00007ffc99570000 - 0x00007ffc9958d000 	C:\WINDOWS\SYSTEM32\dhcpcsvc.DLL
0x000000005e230000 - 0x000000005e254000 	C:\Program Files\Java\jdk1.8.0_60\jre\bin\sunec.dll
0x000000005e220000 - 0x000000005e22b000 	C:\Program Files\Java\jdk1.8.0_60\jre\bin\sunmscapi.dll
0x00007ffca2e70000 - 0x00007ffca2fcf000 	C:\WINDOWS\System32\CRYPT32.dll
0x000000005e080000 - 0x000000005e218000 	C:\Program Files\Java\jdk1.8.0_60\jre\bin\awt.dll
0x00007ffca3a00000 - 0x00007ffca3acd000 	C:\WINDOWS\System32\OLEAUT32.dll
0x00007ffc9fd20000 - 0x00007ffc9fdb0000 	C:\WINDOWS\SYSTEM32\apphelp.dll
0x00007ffc95170000 - 0x00007ffc95354000 	C:\WINDOWS\SYSTEM32\dbghelp.dll

VM Arguments:
jvm_args: -Djava.awt.headless=true -Djava.security.manager=worker.org.gradle.process.internal.worker.child.BootstrapSecurityManager -Dorg.gradle.native=false -Xmx512m -Dfile.encoding=UTF-8 -Duser.country=US -Duser.language=en -Duser.variant -ea 
java_command: worker.org.gradle.process.internal.worker.GradleWorkerMain 'Gradle Test Executor 13'
java_class_path (initial): C:\Users\reacts\.gradle\caches\6.7.1\workerMain\gradle-worker.jar
Launcher Type: SUN_STANDARD

Environment Variables:
JAVA_HOME=C:\Program Files\Java\jdk1.8.0_60
PATH=C:\xampp\php;C:\src\flutter\bin;C:\Program Files (x86)\NetSarang\Xshell 6\;C:\ProgramData\Oracle\Java\javapath;C:\WINDOWS\system32;C:\WINDOWS;C:\WINDOWS\System32\Wbem;C:\WINDOWS\System32\WindowsPowerShell\v1.0\;C:\Program Files\Java\jdk1.8.0_60\bin;C:\Program Files\Git\cmd;C:\ProgramData\ComposerSetup\bin;C:\Program Files\PuTTY\;C:\Program Files\nodejs\;C:\Program Files\Python\Python38-32;D:\gradle\gradle-6.2.2\bin;C:\WINDOWS\System32\OpenSSH\;C:\Program Files\MongoDB\Server\4.4\bin;C:\Users\reacts\AppData\Local\Android\Sdk\platform-tools;D:\HBase\hbase-2.4.0\bin;C:\Program Files (x86)\Microsoft SQL Server\150\Tools\Binn\;C:\Program Files\Microsoft SQL Server\150\Tools\Binn\;C:\Program Files (x86)\Microsoft SQL Server\150\DTS\Binn\;C:\Program Files\Microsoft SQL Server\150\DTS\Binn\;C:\Program Files\Microsoft SQL Server\Client SDK\ODBC\170\Tools\Binn\;C:\Program Files\Azure Data Studio\bin;C:\Program Files\Microsoft SQL Server\140\DTS\Binn\;C:\Program Files\Microsoft SQL Server\Client SDK\ODBC\130\Tools\Binn\;C:\Program Files (x86)\Microsoft SQL Server\140\Tools\Binn\;C:\Program Files\Microsoft SQL Server\140\Tools\Binn\;C:\src\flutter\bin\cache\dart-sdk\bin;C:\src\flutter\.pub-cache\bin;C:\Users\reacts\AppData\Roaming\Pub\Cache\bin;;C:\Program Files\NVIDIA Corporation\NVIDIA NvDLISR;C:\Users\reacts\AppData\Roaming\Composer\vendor\bin;C:\Users\reacts\AppData\Roaming\npm;C:\src\flutter\bin;C:\Program Files\Python\Python38-32;C:\Program Files\heroku\bin;C:\Users\reacts\AppData\Local\Microsoft\WindowsApps;C:\Users\reacts\Documents\hbase-2.2.6;C:\Program Files\Java\jdk1.8.0_60;C:\Program Files\Azure Data Studio\bin;C:\Users\reacts\AppData\Local\Programs\Microsoft VS Code\bin;C:\Users\reacts\AppData\Local\Google\Cloud SDK\google-cloud-sdk\bin;
USERNAME=reacts
OS=Windows_NT
PROCESSOR_IDENTIFIER=Intel64 Family 6 Model 61 Stepping 4, GenuineIntel



---------------  S Y S T E M  ---------------

OS: Windows 10.0 , 64 bit Build 19041 (10.0.19041.1151)

CPU:total 4 (2 cores per cpu, 2 threads per core) family 6 model 61 stepping 4, cmov, cx8, fxsr, mmx, sse, sse2, sse3, ssse3, sse4.1, sse4.2, popcnt, avx, avx2, aes, clmul, erms, 3dnowpref, lzcnt, ht, tsc, tscinvbit, bmi1, bmi2, adx

Memory: 4k page, physical 8285604k(402844k free), swap 28732836k(19672368k free)

vm_info: Java HotSpot(TM) 64-Bit Server VM (25.60-b23) for windows-amd64 JRE (1.8.0_60-b27), built on Aug  4 2015 11:06:27 by "java_re" with MS VC++ 10.0 (VS2010)

time: Tue Sep 07 18:52:51 2021
elapsed time: 16 seconds (0d 0h 0m 16s)

