#
# A fatal error has been detected by the Java Runtime Environment:
#
#  EXCEPTION_ACCESS_VIOLATION (0xc0000005) at pc=0x000000005e352bf8, pid=8096, tid=8180
#
# JRE version: Java(TM) SE Runtime Environment (8.0_60-b27) (build 1.8.0_60-b27)
# Java VM: Java HotSpot(TM) 64-Bit Server VM (25.60-b23 mixed mode windows-amd64 compressed oops)
# Problematic frame:
# V  [jvm.dll+0x42bf8]
#
# Failed to write core dump. Minidumps are not enabled by default on client versions of Windows
#
# If you would like to submit a bug report, please visit:
#   http://bugreport.java.com/bugreport/crash.jsp
#

---------------  T H R E A D  ---------------

Current thread (0x0000000014bfd800):  JavaThread "C1 CompilerThread2" daemon [_thread_in_vm, id=8180, stack(0x0000000015520000,0x0000000015620000)]

siginfo: ExceptionCode=0xc0000005, reading address 0xffffffffffffffff

Registers:
RAX=0x0000000014bfd800, RBX=0x000000000227ebb0, RCX=0x000000000227ebb0, RDX=0x000000000227ebb0
RSP=0x000000001561d080, RBP=0x0000000014c3f520, RSI=0x000000000227ebb0, RDI=0x0000000000000000
R8 =0x48f0c0d3ffff0013, R9 =0x0000000000000000, R10=0x0000000014c3f750, R11=0x0000000015d143e0
R12=0x0000000014bfd800, R13=0x0000000014c3f520, R14=0x0000000015c88790, R15=0x0000000000000000
RIP=0x000000005e352bf8, EFLAGS=0x0000000000010202

Top of Stack: (sp=0x000000001561d080)
0x000000001561d080:   00000000000000b6 000000001561f630
0x000000001561d090:   0000000000000000 0000000000000077
0x000000001561d0a0:   0000000019222288 000000001561f630
0x000000001561d0b0:   000000001561d190 000000005e33f425
0x000000001561d0c0:   00000000000000e7 000000005e352f89
0x000000001561d0d0:   0000000000000077 0000000000000077
0x000000001561d0e0:   0000000000000000 0000000000000000
0x000000001561d0f0:   00000000000000b6 0000000017fdc250
0x000000001561d100:   0000000014bee480 000000005e35124b
0x000000001561d110:   0000000000000000 0000000014bfd800
0x000000001561d120:   0000000015c89900 000000005e33c4af
0x000000001561d130:   0000000014bfd800 000000005e356570
0x000000001561d140:   0000000014bfd800 0000000014bfd800
0x000000001561d150:   0000000017fdc250 000000005e72b21b
0x000000001561d160:   0000000000000000 0000000000000000
0x000000001561d170:   0000000015c89900 0000000000000000 

Instructions: (pc=0x000000005e352bf8)
0x000000005e352bd8:   00 48 8b da ff 15 0e 08 59 00 44 0f b6 05 9a 4c
0x000000005e352be8:   7a 00 4c 8b e0 45 84 c0 74 39 4c 8b 03 48 8b cb
0x000000005e352bf8:   41 ff 50 08 84 c0 74 2b 83 7b 08 00 7e 25 0f b6
0x000000005e352c08:   83 0e 01 00 00 c0 e8 03 a8 01 74 17 48 8b 03 48 


Register to memory mapping:

RAX=0x0000000014bfd800 is a thread
RBX=0x000000000227ebb0 is an unknown value
RCX=0x000000000227ebb0 is an unknown value
RDX=0x000000000227ebb0 is an unknown value
RSP=0x000000001561d080 is pointing into the stack for thread: 0x0000000014bfd800
RBP=0x0000000014c3f520 is an unknown value
RSI=0x000000000227ebb0 is an unknown value
RDI=0x0000000000000000 is an unknown value
R8 =0x48f0c0d3ffff0013 is an unknown value
R9 =0x0000000000000000 is an unknown value
R10=0x0000000014c3f750 is an unknown value
R11=0x0000000015d143e0 is an unknown value
R12=0x0000000014bfd800 is a thread
R13=0x0000000014c3f520 is an unknown value
R14=0x0000000015c88790 is an unknown value
R15=0x0000000000000000 is an unknown value


Stack: [0x0000000015520000,0x0000000015620000],  sp=0x000000001561d080,  free space=1012k
Native frames: (J=compiled Java code, j=interpreted, Vv=VM code, C=native code)
V  [jvm.dll+0x42bf8]
V  [jvm.dll+0x42f89]
V  [jvm.dll+0x4124b]
V  [jvm.dll+0x41b21b]
V  [jvm.dll+0x415ffa]
V  [jvm.dll+0x418e47]
V  [jvm.dll+0x41960b]
V  [jvm.dll+0x41a527]
V  [jvm.dll+0x41a788]
V  [jvm.dll+0x41abbb]
V  [jvm.dll+0x41a715]
V  [jvm.dll+0x41645b]
V  [jvm.dll+0x418e47]
V  [jvm.dll+0x41960b]
V  [jvm.dll+0x41a527]
V  [jvm.dll+0x41a788]
V  [jvm.dll+0x41abbb]
V  [jvm.dll+0x41a715]
V  [jvm.dll+0x41645b]
V  [jvm.dll+0x418e47]
V  [jvm.dll+0x41973d]
V  [jvm.dll+0x41a527]
V  [jvm.dll+0x41a788]
V  [jvm.dll+0x41abbb]
V  [jvm.dll+0x41a715]
V  [jvm.dll+0x41645b]
V  [jvm.dll+0x418e47]
V  [jvm.dll+0x41960b]
V  [jvm.dll+0x41a527]
V  [jvm.dll+0x41a788]
V  [jvm.dll+0x41abbb]
V  [jvm.dll+0x41a715]
V  [jvm.dll+0x41645b]
V  [jvm.dll+0x418e47]
V  [jvm.dll+0x41973d]
V  [jvm.dll+0x41a527]
V  [jvm.dll+0x41a788]
V  [jvm.dll+0x41abbb]
V  [jvm.dll+0x41a715]
V  [jvm.dll+0x41645b]
V  [jvm.dll+0x418e47]
V  [jvm.dll+0x41960b]
V  [jvm.dll+0x41a527]
V  [jvm.dll+0x41a788]
V  [jvm.dll+0x41645b]
V  [jvm.dll+0x418e47]
V  [jvm.dll+0x41960b]
V  [jvm.dll+0x41a527]
V  [jvm.dll+0x41a788]
V  [jvm.dll+0x41645b]
V  [jvm.dll+0x418e47]
V  [jvm.dll+0x41973d]
V  [jvm.dll+0x419b32]
V  [jvm.dll+0x41ec25]
V  [jvm.dll+0x41ed30]
V  [jvm.dll+0x408bd8]
V  [jvm.dll+0x408e41]
V  [jvm.dll+0x409002]
V  [jvm.dll+0x4091d1]
V  [jvm.dll+0x4093df]
V  [jvm.dll+0xa4662]
V  [jvm.dll+0xa4f9f]
V  [jvm.dll+0x243134]
V  [jvm.dll+0x299f6a]
C  [msvcr100.dll+0x21d9f]
C  [msvcr100.dll+0x21e3b]
C  [KERNEL32.DLL+0x17034]
C  [ntdll.dll+0x52651]


Current CompileTask:
C1:  37845 6117       3       android.content.res.TypedArray::$$robo$$android_content_res_TypedArray$loadStringValueAt (51 bytes)


---------------  P R O C E S S  ---------------

Java Threads: ( => current thread )
  0x0000000016636000 JavaThread "Java2D Disposer" daemon [_thread_blocked, id=6748, stack(0x0000000019000000,0x0000000019100000)]
  0x000000001657f800 JavaThread "SDK 28 Main Thread" [_thread_blocked, id=9876, stack(0x0000000017b30000,0x0000000017c30000)]
  0x0000000015d94000 JavaThread "/192.168.1.6:49846 to /0.0.0.0:49845 workers Thread 3" [_thread_in_native, id=9424, stack(0x0000000017630000,0x0000000017730000)]
  0x0000000016009000 JavaThread "/192.168.1.6:49846 to /0.0.0.0:49845 workers Thread 2" [_thread_blocked, id=12120, stack(0x0000000017530000,0x0000000017630000)]
  0x0000000015e2f800 JavaThread "Test worker" [_thread_blocked, id=7320, stack(0x0000000017430000,0x0000000017530000)]
  0x0000000014c14800 JavaThread "Service Thread" daemon [_thread_blocked, id=12760, stack(0x0000000015620000,0x0000000015720000)]
=>0x0000000014bfd800 JavaThread "C1 CompilerThread2" daemon [_thread_in_vm, id=8180, stack(0x0000000015520000,0x0000000015620000)]
  0x0000000014bf9000 JavaThread "C2 CompilerThread1" daemon [_thread_blocked, id=2580, stack(0x0000000015420000,0x0000000015520000)]
  0x0000000014bf8000 JavaThread "C2 CompilerThread0" daemon [_thread_blocked, id=7840, stack(0x0000000015320000,0x0000000015420000)]
  0x00000000137ee000 JavaThread "Attach Listener" daemon [_thread_blocked, id=11472, stack(0x0000000015220000,0x0000000015320000)]
  0x00000000137ed800 JavaThread "Signal Dispatcher" daemon [_thread_blocked, id=13236, stack(0x0000000015120000,0x0000000015220000)]
  0x0000000002327000 JavaThread "Finalizer" daemon [_thread_blocked, id=15112, stack(0x00000000149e0000,0x0000000014ae0000)]
  0x000000000231e000 JavaThread "Reference Handler" daemon [_thread_blocked, id=14532, stack(0x00000000148e0000,0x00000000149e0000)]
  0x000000000241e000 JavaThread "main" [_thread_blocked, id=9360, stack(0x00000000020f0000,0x00000000021f0000)]

Other Threads:
  0x0000000013758000 VMThread [stack: 0x00000000147e0000,0x00000000148e0000] [id=15192]
  0x0000000014d0a800 WatcherThread [stack: 0x0000000015720000,0x0000000015820000] [id=5656]

VM state:synchronizing (normal execution)

VM Mutex/Monitor currently owned by a thread:  ([mutex/lock_event])
[0x000000000241d3c0] Threads_lock - owner thread: 0x0000000013758000

Heap:
 PSYoungGen      total 161792K, used 157834K [0x00000000f5580000, 0x0000000100000000, 0x0000000100000000)
  eden space 148992K, 97% used [0x00000000f5580000,0x00000000fe324f28,0x00000000fe700000)
  from space 12800K, 99% used [0x00000000fe700000,0x00000000ff37dc08,0x00000000ff380000)
  to   space 12800K, 0% used [0x00000000ff380000,0x00000000ff380000,0x0000000100000000)
 ParOldGen       total 143872K, used 61365K [0x00000000e0000000, 0x00000000e8c80000, 0x00000000f5580000)
  object space 143872K, 42% used [0x00000000e0000000,0x00000000e3bed468,0x00000000e8c80000)
 Metaspace       used 59338K, capacity 66978K, committed 67200K, reserved 1107968K
  class space    used 7240K, capacity 9502K, committed 9600K, reserved 1048576K

Card table byte_map: [0x00000000117e0000,0x00000000118f0000] byte_map_base: 0x00000000110e0000

Marking Bits: (ParMarkBitMap*) 0x000000005eb1a5b0
 Begin Bits: [0x0000000011cf0000, 0x00000000124f0000)
 End Bits:   [0x00000000124f0000, 0x0000000012cf0000)

Polling page: 0x00000000021f0000

CodeCache: size=245760Kb used=16830Kb max_used=16842Kb free=228929Kb
 bounds [0x0000000002420000, 0x00000000034b0000, 0x0000000011420000]
 total_blobs=6244 nmethods=4915 adapters=1241
 compilation: enabled

Compilation events (10 events):
Event: 36.313 Thread 0x0000000014bfd800 nmethod 6114 0x000000000349df90 code [0x000000000349e100, 0x000000000349e5d0]
Event: 36.313 Thread 0x0000000014bfd800 6115  s    3       org.robolectric.shadows.ShadowVirtualRefBasePtr::get (23 bytes)
Event: 36.314 Thread 0x0000000014bf8000 6116       4       java.lang.invoke.LambdaForm$DMH/586525537::invokeSpecial_LL_V (15 bytes)
Event: 36.314 Thread 0x0000000014bfd800 nmethod 6115 0x000000000349abd0 code [0x000000000349adc0, 0x000000000349b858]
Event: 36.315 Thread 0x0000000014bf8000 nmethod 6116 0x000000000349a8d0 code [0x000000000349aa20, 0x000000000349aac8]
Event: 36.320 Thread 0x0000000014bfd800 6117       3       android.content.res.TypedArray::$$robo$$android_content_res_TypedArray$loadStringValueAt (51 bytes)
Event: 36.463 Thread 0x0000000014bf9000 6119       4       android.content.pm.ActivityInfo::$$robo$$android_content_pm_ActivityInfo$activityInfoConfigNativeToJava (36 bytes)
Event: 36.469 Thread 0x0000000014bf9000 nmethod 6119 0x000000000349a550 code [0x000000000349a680, 0x000000000349a818]
Event: 36.515 Thread 0x0000000014bf8000 6126   !   4       java.lang.invoke.LambdaForm$MH/522112003::guardWithCatch (75 bytes)
Event: 36.518 Thread 0x0000000014bf8000 nmethod 6126 0x000000000349d910 code [0x000000000349da80, 0x000000000349dce8]

GC Heap History (10 events):
Event: 26.522 GC heap before
{Heap before GC invocations=18 (full 3):
 PSYoungGen      total 160768K, used 147456K [0x00000000f5580000, 0x00000000fff80000, 0x0000000100000000)
  eden space 147456K, 100% used [0x00000000f5580000,0x00000000fe580000,0x00000000fe580000)
  from space 13312K, 0% used [0x00000000ff280000,0x00000000ff280000,0x00000000fff80000)
  to   space 13312K, 0% used [0x00000000fe580000,0x00000000fe580000,0x00000000ff280000)
 ParOldGen       total 143872K, used 60980K [0x00000000e0000000, 0x00000000e8c80000, 0x00000000f5580000)
  object space 143872K, 42% used [0x00000000e0000000,0x00000000e3b8d308,0x00000000e8c80000)
 Metaspace       used 49500K, capacity 55426K, committed 55552K, reserved 1097728K
  class space    used 6101K, capacity 7916K, committed 7936K, reserved 1048576K
Event: 26.529 GC heap after
Heap after GC invocations=18 (full 3):
 PSYoungGen      total 160768K, used 4409K [0x00000000f5580000, 0x00000000fff00000, 0x0000000100000000)
  eden space 147456K, 0% used [0x00000000f5580000,0x00000000f5580000,0x00000000fe580000)
  from space 13312K, 33% used [0x00000000fe580000,0x00000000fe9ce610,0x00000000ff280000)
  to   space 12800K, 0% used [0x00000000ff280000,0x00000000ff280000,0x00000000fff00000)
 ParOldGen       total 143872K, used 60988K [0x00000000e0000000, 0x00000000e8c80000, 0x00000000f5580000)
  object space 143872K, 42% used [0x00000000e0000000,0x00000000e3b8f308,0x00000000e8c80000)
 Metaspace       used 49500K, capacity 55426K, committed 55552K, reserved 1097728K
  class space    used 6101K, capacity 7916K, committed 7936K, reserved 1048576K
}
Event: 28.721 GC heap before
{Heap before GC invocations=19 (full 3):
 PSYoungGen      total 160768K, used 151865K [0x00000000f5580000, 0x00000000fff00000, 0x0000000100000000)
  eden space 147456K, 100% used [0x00000000f5580000,0x00000000fe580000,0x00000000fe580000)
  from space 13312K, 33% used [0x00000000fe580000,0x00000000fe9ce610,0x00000000ff280000)
  to   space 12800K, 0% used [0x00000000ff280000,0x00000000ff280000,0x00000000fff00000)
 ParOldGen       total 143872K, used 60988K [0x00000000e0000000, 0x00000000e8c80000, 0x00000000f5580000)
  object space 143872K, 42% used [0x00000000e0000000,0x00000000e3b8f308,0x00000000e8c80000)
 Metaspace       used 53461K, capacity 59898K, committed 60032K, reserved 1101824K
  class space    used 6541K, capacity 8554K, committed 8576K, reserved 1048576K
Event: 28.732 GC heap after
Heap after GC invocations=19 (full 3):
 PSYoungGen      total 160768K, used 7918K [0x00000000f5580000, 0x00000000fff80000, 0x0000000100000000)
  eden space 147968K, 0% used [0x00000000f5580000,0x00000000f5580000,0x00000000fe600000)
  from space 12800K, 61% used [0x00000000ff280000,0x00000000ffa3b8e8,0x00000000fff00000)
  to   space 12800K, 0% used [0x00000000fe600000,0x00000000fe600000,0x00000000ff280000)
 ParOldGen       total 143872K, used 60996K [0x00000000e0000000, 0x00000000e8c80000, 0x00000000f5580000)
  object space 143872K, 42% used [0x00000000e0000000,0x00000000e3b91308,0x00000000e8c80000)
 Metaspace       used 53461K, capacity 59898K, committed 60032K, reserved 1101824K
  class space    used 6541K, capacity 8554K, committed 8576K, reserved 1048576K
}
Event: 30.667 GC heap before
{Heap before GC invocations=20 (full 3):
 PSYoungGen      total 160768K, used 155886K [0x00000000f5580000, 0x00000000fff80000, 0x0000000100000000)
  eden space 147968K, 100% used [0x00000000f5580000,0x00000000fe600000,0x00000000fe600000)
  from space 12800K, 61% used [0x00000000ff280000,0x00000000ffa3b8e8,0x00000000fff00000)
  to   space 12800K, 0% used [0x00000000fe600000,0x00000000fe600000,0x00000000ff280000)
 ParOldGen       total 143872K, used 60996K [0x00000000e0000000, 0x00000000e8c80000, 0x00000000f5580000)
  object space 143872K, 42% used [0x00000000e0000000,0x00000000e3b91308,0x00000000e8c80000)
 Metaspace       used 56216K, capacity 62972K, committed 63232K, reserved 1103872K
  class space    used 6811K, capacity 8885K, committed 8960K, reserved 1048576K
Event: 30.679 GC heap after
Heap after GC invocations=20 (full 3):
 PSYoungGen      total 160768K, used 8573K [0x00000000f5580000, 0x0000000100000000, 0x0000000100000000)
  eden space 147968K, 0% used [0x00000000f5580000,0x00000000f5580000,0x00000000fe600000)
  from space 12800K, 66% used [0x00000000fe600000,0x00000000fee5f7e0,0x00000000ff280000)
  to   space 12800K, 0% used [0x00000000ff380000,0x00000000ff380000,0x0000000100000000)
 ParOldGen       total 143872K, used 60996K [0x00000000e0000000, 0x00000000e8c80000, 0x00000000f5580000)
  object space 143872K, 42% used [0x00000000e0000000,0x00000000e3b91308,0x00000000e8c80000)
 Metaspace       used 56216K, capacity 62972K, committed 63232K, reserved 1103872K
  class space    used 6811K, capacity 8885K, committed 8960K, reserved 1048576K
}
Event: 31.760 GC heap before
{Heap before GC invocations=21 (full 3):
 PSYoungGen      total 160768K, used 156541K [0x00000000f5580000, 0x0000000100000000, 0x0000000100000000)
  eden space 147968K, 100% used [0x00000000f5580000,0x00000000fe600000,0x00000000fe600000)
  from space 12800K, 66% used [0x00000000fe600000,0x00000000fee5f7e0,0x00000000ff280000)
  to   space 12800K, 0% used [0x00000000ff380000,0x00000000ff380000,0x0000000100000000)
 ParOldGen       total 143872K, used 60996K [0x00000000e0000000, 0x00000000e8c80000, 0x00000000f5580000)
  object space 143872K, 42% used [0x00000000e0000000,0x00000000e3b91308,0x00000000e8c80000)
 Metaspace       used 56815K, capacity 63876K, committed 64128K, reserved 1103872K
  class space    used 6912K, capacity 9033K, committed 9088K, reserved 1048576K
Event: 31.778 GC heap after
Heap after GC invocations=21 (full 3):
 PSYoungGen      total 161792K, used 8508K [0x00000000f5580000, 0x0000000100000000, 0x0000000100000000)
  eden space 148992K, 0% used [0x00000000f5580000,0x00000000f5580000,0x00000000fe700000)
  from space 12800K, 66% used [0x00000000ff380000,0x00000000ffbcf0d8,0x0000000100000000)
  to   space 12800K, 0% used [0x00000000fe700000,0x00000000fe700000,0x00000000ff380000)
 ParOldGen       total 143872K, used 61004K [0x00000000e0000000, 0x00000000e8c80000, 0x00000000f5580000)
  object space 143872K, 42% used [0x00000000e0000000,0x00000000e3b93308,0x00000000e8c80000)
 Metaspace       used 56815K, capacity 63876K, committed 64128K, reserved 1103872K
  class space    used 6912K, capacity 9033K, committed 9088K, reserved 1048576K
}
Event: 35.905 GC heap before
{Heap before GC invocations=22 (full 3):
 PSYoungGen      total 161792K, used 157500K [0x00000000f5580000, 0x0000000100000000, 0x0000000100000000)
  eden space 148992K, 100% used [0x00000000f5580000,0x00000000fe700000,0x00000000fe700000)
  from space 12800K, 66% used [0x00000000ff380000,0x00000000ffbcf0d8,0x0000000100000000)
  to   space 12800K, 0% used [0x00000000fe700000,0x00000000fe700000,0x00000000ff380000)
 ParOldGen       total 143872K, used 61004K [0x00000000e0000000, 0x00000000e8c80000, 0x00000000f5580000)
  object space 143872K, 42% used [0x00000000e0000000,0x00000000e3b93308,0x00000000e8c80000)
 Metaspace       used 59237K, capacity 66804K, committed 66944K, reserved 1105920K
  class space    used 7234K, capacity 9491K, committed 9600K, reserved 1048576K
Event: 35.921 GC heap after
Heap after GC invocations=22 (full 3):
 PSYoungGen      total 161792K, used 12791K [0x00000000f5580000, 0x0000000100000000, 0x0000000100000000)
  eden space 148992K, 0% used [0x00000000f5580000,0x00000000f5580000,0x00000000fe700000)
  from space 12800K, 99% used [0x00000000fe700000,0x00000000ff37dc08,0x00000000ff380000)
  to   space 12800K, 0% used [0x00000000ff380000,0x00000000ff380000,0x0000000100000000)
 ParOldGen       total 143872K, used 61365K [0x00000000e0000000, 0x00000000e8c80000, 0x00000000f5580000)
  object space 143872K, 42% used [0x00000000e0000000,0x00000000e3bed468,0x00000000e8c80000)
 Metaspace       used 59237K, capacity 66804K, committed 66944K, reserved 1105920K
  class space    used 7234K, capacity 9491K, committed 9600K, reserved 1048576K
}

Deoptimization events (10 events):
Event: 35.320 Thread 0x0000000015e2f800 Uncommon trap: reason=unstable_if action=reinterpret pc=0x0000000002ad8bc8 method=org.robolectric.internal.bytecode.MethodRef.equals(Ljava/lang/Object;)Z @ 2
Event: 35.321 Thread 0x000000001657f800 Uncommon trap: reason=bimorphic action=maybe_recompile pc=0x0000000003260e34 method=java.util.regex.Pattern$CharProperty.study(Ljava/util/regex/Pattern$TreeInfo;)Z @ 25
Event: 35.324 Thread 0x000000001657f800 Uncommon trap: reason=unstable_if action=reinterpret pc=0x0000000002a2e9ec method=java.util.Arrays.hashCode([Ljava/lang/Object;)I @ 34
Event: 35.331 Thread 0x000000001657f800 Uncommon trap: reason=unstable_if action=reinterpret pc=0x0000000002c85298 method=org.robolectric.res.android.ResTable_config.isBetterThan(Lorg/robolectric/res/android/ResTable_config;Lorg/robolectric/res/android/ResTable_config;)Z @ 898
Event: 35.590 Thread 0x000000001657f800 Uncommon trap: reason=unstable_if action=reinterpret pc=0x0000000002db0e1c method=org.robolectric.res.android.CppAssetManager2$Theme.SetTo(Lorg/robolectric/res/android/CppAssetManager2$Theme;)Z @ 53
Event: 35.590 Thread 0x000000001657f800 Uncommon trap: reason=unstable_if action=reinterpret pc=0x0000000002e4575c method=org.robolectric.res.android.CppAssetManager2$Theme.SetTo(Lorg/robolectric/res/android/CppAssetManager2$Theme;)Z @ 53
Event: 35.762 Thread 0x000000001657f800 Uncommon trap: reason=class_check action=maybe_recompile pc=0x000000000338d1d4 method=java.lang.reflect.Array.newInstance(Ljava/lang/Class;I)Ljava/lang/Object; @ 2
Event: 35.783 Thread 0x000000001657f800 Uncommon trap: reason=class_check action=maybe_recompile pc=0x000000000338d1d4 method=java.lang.reflect.Array.newInstance(Ljava/lang/Class;I)Ljava/lang/Object; @ 2
Event: 35.783 Thread 0x000000001657f800 Uncommon trap: reason=class_check action=maybe_recompile pc=0x000000000338d1d4 method=java.lang.reflect.Array.newInstance(Ljava/lang/Class;I)Ljava/lang/Object; @ 2
Event: 35.810 Thread 0x000000001657f800 Uncommon trap: reason=class_check action=maybe_recompile pc=0x000000000338d1d4 method=java.lang.reflect.Array.newInstance(Ljava/lang/Class;I)Ljava/lang/Object; @ 2

Internal exceptions (10 events):
Event: 18.194 Thread 0x000000001657f800 Exception <a 'java/lang/NoSuchFieldError': method resolution failed> (0x00000000f8665308) thrown at [C:\re\workspace\8-2-build-windows-amd64-cygwin\jdk8u60\4407\hotspot\src\share\vm\prims\methodHandles.cpp, line 1146]
Event: 22.130 Thread 0x000000001657f800 Exception <a 'java/lang/NoSuchFieldError': method resolution failed> (0x00000000f684e210) thrown at [C:\re\workspace\8-2-build-windows-amd64-cygwin\jdk8u60\4407\hotspot\src\share\vm\prims\methodHandles.cpp, line 1146]
Event: 25.349 Thread 0x000000001657f800 Exception <a 'java/io/FileNotFoundException'> (0x00000000f90a5670) thrown at [C:\re\workspace\8-2-build-windows-amd64-cygwin\jdk8u60\4407\hotspot\src\share\vm\prims\jni.cpp, line 709]
Event: 25.597 Thread 0x000000001657f800 Implicit null exception at 0x00000000026593d5 to 0x00000000026595d1
Event: 27.728 Thread 0x000000001657f800 Implicit null exception at 0x0000000003118abb to 0x0000000003118f89
Event: 28.258 Thread 0x000000001657f800 Exception <a 'java/lang/NoSuchMethodError': java.lang.Object.lambda$comparingDouble$8dcf42ea$1(Ljava/util/function/ToDoubleFunction;Ljava/lang/Object;Ljava/lang/Object;)I> (0x00000000fb7252a8) thrown at [C:\re\workspace\8-2-build-windows-amd64-cygwin\jdk8u∫çºb¸±@@
Event: 33.391 Thread 0x000000001657f800 Implicit null exception at 0x000000000303a1d7 to 0x000000000303a2b4
Event: 34.291 Thread 0x000000001657f800 Exception <a 'java/lang/NoSuchMethodError': java.lang.Object.lambda$get$0(Ljava/lang/Object;)V> (0x00000000f8d05850) thrown at [C:\re\workspace\8-2-build-windows-amd64-cygwin\jdk8u60\4407\hotspot\src\share\vm\interpreter\linkResolver.cpp, line 582]
Event: 35.324 Thread 0x000000001657f800 Implicit null exception at 0x0000000002a2e92f to 0x0000000002a2e9cd
Event: 35.584 Thread 0x000000001657f800 Exception <a 'sun/nio/fs/WindowsException'> (0x00000000fa465028) thrown at [C:\re\workspace\8-2-build-windows-amd64-cygwin\jdk8u60\4407\hotspot\src\share\vm\prims\jni.cpp, line 709]

Events (10 events):
Event: 35.923 Executing VM operation: RevokeBias
Event: 35.923 Executing VM operation: RevokeBias done
Event: 35.924 Executing VM operation: RevokeBias
Event: 35.924 Executing VM operation: RevokeBias done
Event: 36.015 Thread 0x000000001657f800 DEOPT PACKING pc=0x0000000003378e0d sp=0x0000000017c27270
Event: 36.015 Thread 0x000000001657f800 DEOPT UNPACKING pc=0x000000000246787f sp=0x0000000017c26fd0 mode 0
Event: 36.101 Thread 0x000000001657f800 DEOPT PACKING pc=0x0000000003378e0d sp=0x0000000017c272a0
Event: 36.101 Thread 0x000000001657f800 DEOPT UNPACKING pc=0x000000000246787f sp=0x0000000017c27000 mode 0
Event: 36.539 Thread 0x000000001657f800 Uncommon trap: trap_request=0xffffff65 fr.pc=0x00000000033c41d4
Event: 36.539 Executing VM operation: RevokeBias


Dynamic libraries:
0x00007ff6ca020000 - 0x00007ff6ca057000 	C:\Program Files\Java\jdk1.8.0_60\bin\java.exe
0x00007ffca4f90000 - 0x00007ffca5185000 	C:\WINDOWS\SYSTEM32\ntdll.dll
0x00007ffca46a0000 - 0x00007ffca475d000 	C:\WINDOWS\System32\KERNEL32.DLL
0x00007ffca2930000 - 0x00007ffca2bf9000 	C:\WINDOWS\System32\KERNELBASE.dll
0x00007ffca3ca0000 - 0x00007ffca3d4c000 	C:\WINDOWS\System32\ADVAPI32.dll
0x00007ffca4760000 - 0x00007ffca47fe000 	C:\WINDOWS\System32\msvcrt.dll
0x00007ffca4e50000 - 0x00007ffca4eeb000 	C:\WINDOWS\System32\sechost.dll
0x00007ffca4910000 - 0x00007ffca4a3a000 	C:\WINDOWS\System32\RPCRT4.dll
0x00007ffca3120000 - 0x00007ffca32c0000 	C:\WINDOWS\System32\USER32.dll
0x00007ffca2e40000 - 0x00007ffca2e62000 	C:\WINDOWS\System32\win32u.dll
0x00007ffca30f0000 - 0x00007ffca311a000 	C:\WINDOWS\System32\GDI32.dll
0x00007ffca2fd0000 - 0x00007ffca30db000 	C:\WINDOWS\System32\gdi32full.dll
0x00007ffca2890000 - 0x00007ffca292d000 	C:\WINDOWS\System32\msvcp_win.dll
0x00007ffca2c00000 - 0x00007ffca2d00000 	C:\WINDOWS\System32\ucrtbase.dll
0x00007ffc90d90000 - 0x00007ffc9102a000 	C:\WINDOWS\WinSxS\amd64_microsoft.windows.common-controls_6595b64144ccf1df_6.0.19041.1110_none_60b5254171f9507e\COMCTL32.dll
0x00007ffca4880000 - 0x00007ffca48b0000 	C:\WINDOWS\System32\IMM32.DLL
0x000000005eba0000 - 0x000000005ec72000 	C:\Program Files\Java\jdk1.8.0_60\jre\bin\msvcr100.dll
0x000000005e310000 - 0x000000005eb99000 	C:\Program Files\Java\jdk1.8.0_60\jre\bin\server\jvm.dll
0x00007ffca3c90000 - 0x00007ffca3c98000 	C:\WINDOWS\System32\PSAPI.DLL
0x00007ffc975a0000 - 0x00007ffc975aa000 	C:\WINDOWS\SYSTEM32\VERSION.dll
0x00007ffc94400000 - 0x00007ffc94427000 	C:\WINDOWS\SYSTEM32\WINMM.dll
0x00007ffca0f60000 - 0x00007ffca0f69000 	C:\WINDOWS\SYSTEM32\WSOCK32.dll
0x00007ffca3d50000 - 0x00007ffca3dbb000 	C:\WINDOWS\System32\WS2_32.dll
0x000000005e300000 - 0x000000005e30f000 	C:\Program Files\Java\jdk1.8.0_60\jre\bin\verify.dll
0x000000005e2d0000 - 0x000000005e2f9000 	C:\Program Files\Java\jdk1.8.0_60\jre\bin\java.dll
0x000000005e2b0000 - 0x000000005e2c6000 	C:\Program Files\Java\jdk1.8.0_60\jre\bin\zip.dll
0x00007ffca32c0000 - 0x00007ffca39ff000 	C:\WINDOWS\System32\SHELL32.dll
0x00007ffca07a0000 - 0x00007ffca0f30000 	C:\WINDOWS\SYSTEM32\windows.storage.dll
0x00007ffca4a40000 - 0x00007ffca4d95000 	C:\WINDOWS\System32\combase.dll
0x00007ffca2140000 - 0x00007ffca216c000 	C:\WINDOWS\SYSTEM32\Wldp.dll
0x00007ffca4da0000 - 0x00007ffca4e4e000 	C:\WINDOWS\System32\SHCORE.dll
0x00007ffca4ef0000 - 0x00007ffca4f45000 	C:\WINDOWS\System32\shlwapi.dll
0x00007ffca26f0000 - 0x00007ffca270f000 	C:\WINDOWS\SYSTEM32\profapi.dll
0x000000005e290000 - 0x000000005e2aa000 	C:\Program Files\Java\jdk1.8.0_60\jre\bin\net.dll
0x00007ffca1ea0000 - 0x00007ffca1f0a000 	C:\WINDOWS\system32\mswsock.dll
0x000000005e270000 - 0x000000005e281000 	C:\Program Files\Java\jdk1.8.0_60\jre\bin\nio.dll
0x00007ffc8a140000 - 0x00007ffc8a157000 	C:\WINDOWS\system32\napinsp.dll
0x00007ffc892d0000 - 0x00007ffc892eb000 	C:\WINDOWS\system32\pnrpnsp.dll
0x00007ffc9c850000 - 0x00007ffc9c865000 	C:\WINDOWS\system32\wshbth.dll
0x00007ffc9dea0000 - 0x00007ffc9debd000 	C:\WINDOWS\system32\NLAapi.dll
0x00007ffca1b90000 - 0x00007ffca1bcb000 	C:\WINDOWS\SYSTEM32\IPHLPAPI.DLL
0x00007ffca1bd0000 - 0x00007ffca1c9c000 	C:\WINDOWS\SYSTEM32\DNSAPI.dll
0x00007ffca30e0000 - 0x00007ffca30e8000 	C:\WINDOWS\System32\NSI.dll
0x00007ffc88730000 - 0x00007ffc88742000 	C:\WINDOWS\System32\winrnr.dll
0x00007ffc91450000 - 0x00007ffc9145a000 	C:\Windows\System32\rasadhlp.dll
0x00007ffc919b0000 - 0x00007ffc91a2f000 	C:\WINDOWS\System32\fwpuclnt.dll
0x00007ffca2810000 - 0x00007ffca2837000 	C:\WINDOWS\System32\bcrypt.dll
0x00007ffca20a0000 - 0x00007ffca20b8000 	C:\WINDOWS\SYSTEM32\CRYPTSP.dll
0x00007ffca1820000 - 0x00007ffca1854000 	C:\WINDOWS\system32\rsaenh.dll
0x00007ffca26b0000 - 0x00007ffca26de000 	C:\WINDOWS\SYSTEM32\USERENV.dll
0x00007ffca2d00000 - 0x00007ffca2d83000 	C:\WINDOWS\System32\bcryptprimitives.dll
0x00007ffca2090000 - 0x00007ffca209c000 	C:\WINDOWS\SYSTEM32\CRYPTBASE.dll
0x00007ffc981f0000 - 0x00007ffc98207000 	C:\WINDOWS\SYSTEM32\dhcpcsvc6.DLL
0x00007ffc99570000 - 0x00007ffc9958d000 	C:\WINDOWS\SYSTEM32\dhcpcsvc.DLL
0x000000005e230000 - 0x000000005e254000 	C:\Program Files\Java\jdk1.8.0_60\jre\bin\sunec.dll
0x000000005e220000 - 0x000000005e22b000 	C:\Program Files\Java\jdk1.8.0_60\jre\bin\sunmscapi.dll
0x00007ffca2e70000 - 0x00007ffca2fcf000 	C:\WINDOWS\System32\CRYPT32.dll
0x000000005e080000 - 0x000000005e218000 	C:\Program Files\Java\jdk1.8.0_60\jre\bin\awt.dll
0x00007ffca3a00000 - 0x00007ffca3acd000 	C:\WINDOWS\System32\OLEAUT32.dll
0x00007ffc9fd20000 - 0x00007ffc9fdb0000 	C:\WINDOWS\SYSTEM32\apphelp.dll
0x00007ffc95170000 - 0x00007ffc95354000 	C:\WINDOWS\SYSTEM32\dbghelp.dll

VM Arguments:
jvm_args: -Djava.awt.headless=true -Djava.security.manager=worker.org.gradle.process.internal.worker.child.BootstrapSecurityManager -Dorg.gradle.native=false -Xmx512m -Dfile.encoding=UTF-8 -Duser.country=US -Duser.language=en -Duser.variant -ea 
java_command: worker.org.gradle.process.internal.worker.GradleWorkerMain 'Gradle Test Executor 17'
java_class_path (initial): C:\Users\reacts\.gradle\caches\6.7.1\workerMain\gradle-worker.jar
Launcher Type: SUN_STANDARD

Environment Variables:
JAVA_HOME=C:\Program Files\Java\jdk1.8.0_60
PATH=C:\xampp\php;C:\src\flutter\bin;C:\Program Files (x86)\NetSarang\Xshell 6\;C:\ProgramData\Oracle\Java\javapath;C:\WINDOWS\system32;C:\WINDOWS;C:\WINDOWS\System32\Wbem;C:\WINDOWS\System32\WindowsPowerShell\v1.0\;C:\Program Files\Java\jdk1.8.0_60\bin;C:\Program Files\Git\cmd;C:\ProgramData\ComposerSetup\bin;C:\Program Files\PuTTY\;C:\Program Files\nodejs\;C:\Program Files\Python\Python38-32;D:\gradle\gradle-6.2.2\bin;C:\WINDOWS\System32\OpenSSH\;C:\Program Files\MongoDB\Server\4.4\bin;C:\Users\reacts\AppData\Local\Android\Sdk\platform-tools;D:\HBase\hbase-2.4.0\bin;C:\Program Files (x86)\Microsoft SQL Server\150\Tools\Binn\;C:\Program Files\Microsoft SQL Server\150\Tools\Binn\;C:\Program Files (x86)\Microsoft SQL Server\150\DTS\Binn\;C:\Program Files\Microsoft SQL Server\150\DTS\Binn\;C:\Program Files\Microsoft SQL Server\Client SDK\ODBC\170\Tools\Binn\;C:\Program Files\Azure Data Studio\bin;C:\Program Files\Microsoft SQL Server\140\DTS\Binn\;C:\Program Files\Microsoft SQL Server\Client SDK\ODBC\130\Tools\Binn\;C:\Program Files (x86)\Microsoft SQL Server\140\Tools\Binn\;C:\Program Files\Microsoft SQL Server\140\Tools\Binn\;C:\src\flutter\bin\cache\dart-sdk\bin;C:\src\flutter\.pub-cache\bin;C:\Users\reacts\AppData\Roaming\Pub\Cache\bin;;C:\Program Files\NVIDIA Corporation\NVIDIA NvDLISR;C:\Users\reacts\AppData\Roaming\Composer\vendor\bin;C:\Users\reacts\AppData\Roaming\npm;C:\src\flutter\bin;C:\Program Files\Python\Python38-32;C:\Program Files\heroku\bin;C:\Users\reacts\AppData\Local\Microsoft\WindowsApps;C:\Users\reacts\Documents\hbase-2.2.6;C:\Program Files\Java\jdk1.8.0_60;C:\Program Files\Azure Data Studio\bin;C:\Users\reacts\AppData\Local\Programs\Microsoft VS Code\bin;C:\Users\reacts\AppData\Local\Google\Cloud SDK\google-cloud-sdk\bin;
USERNAME=reacts
OS=Windows_NT
PROCESSOR_IDENTIFIER=Intel64 Family 6 Model 61 Stepping 4, GenuineIntel



---------------  S Y S T E M  ---------------

OS: Windows 10.0 , 64 bit Build 19041 (10.0.19041.1151)

CPU:total 4 (2 cores per cpu, 2 threads per core) family 6 model 61 stepping 4, cmov, cx8, fxsr, mmx, sse, sse2, sse3, ssse3, sse4.1, sse4.2, popcnt, avx, avx2, aes, clmul, erms, 3dnowpref, lzcnt, ht, tsc, tscinvbit, bmi1, bmi2, adx

Memory: 4k page, physical 8285604k(365612k free), swap 28732836k(18874048k free)

vm_info: Java HotSpot(TM) 64-Bit Server VM (25.60-b23) for windows-amd64 JRE (1.8.0_60-b27), built on Aug  4 2015 11:06:27 by "java_re" with MS VC++ 10.0 (VS2010)

time: Tue Sep 07 19:34:26 2021
elapsed time: 38 seconds (0d 0h 0m 38s)

